2023-01-09 00:02:59,918 - elsapy.elsclient - INFO - Module loaded.
2023-01-09 00:02:59,929 - elsapy.elsentity - INFO - Module loaded.
2023-01-09 00:02:59,933 - elsapy.utils - INFO - Module loaded.
2023-01-09 00:02:59,933 - elsapy.elsprofile - INFO - Module loaded.
2023-01-09 00:02:59,938 - elsapy.elsdoc - INFO - Module loaded.
2023-01-09 00:02:59,944 - elsapy.elssearch - INFO - Module loaded.
2023-01-09 00:04:24,723 - elsapy.elsclient - INFO - Module loaded.
2023-01-09 00:04:24,724 - elsapy.elsentity - INFO - Module loaded.
2023-01-09 00:04:24,725 - elsapy.utils - INFO - Module loaded.
2023-01-09 00:04:24,725 - elsapy.elsprofile - INFO - Module loaded.
2023-01-09 00:04:24,726 - elsapy.elsdoc - INFO - Module loaded.
2023-01-09 00:04:24,727 - elsapy.elssearch - INFO - Module loaded.
2023-01-09 00:09:58,787 - elsapy.elsclient - INFO - Module loaded.
2023-01-09 00:09:58,788 - elsapy.elsentity - INFO - Module loaded.
2023-01-09 00:09:58,789 - elsapy.utils - INFO - Module loaded.
2023-01-09 00:09:58,789 - elsapy.elsprofile - INFO - Module loaded.
2023-01-09 00:09:58,789 - elsapy.elsdoc - INFO - Module loaded.
2023-01-09 00:09:58,790 - elsapy.elssearch - INFO - Module loaded.
2023-01-09 02:02:53,284 - elsapy.elsclient - INFO - Module loaded.
2023-01-09 02:02:53,811 - elsapy.elsentity - INFO - Module loaded.
2023-01-09 02:02:53,812 - elsapy.utils - INFO - Module loaded.
2023-01-09 02:02:53,812 - elsapy.elsprofile - INFO - Module loaded.
2023-01-09 02:02:53,813 - elsapy.elsdoc - INFO - Module loaded.
2023-01-09 02:02:53,814 - elsapy.elssearch - INFO - Module loaded.
2023-01-09 02:04:10,818 - elsapy.elsclient - INFO - Module loaded.
2023-01-09 02:04:11,101 - elsapy.elsentity - INFO - Module loaded.
2023-01-09 02:04:11,102 - elsapy.utils - INFO - Module loaded.
2023-01-09 02:04:11,102 - elsapy.elsprofile - INFO - Module loaded.
2023-01-09 02:04:11,103 - elsapy.elsdoc - INFO - Module loaded.
2023-01-09 02:04:11,104 - elsapy.elssearch - INFO - Module loaded.
2023-01-09 02:05:50,106 - elsapy.elsclient - INFO - Module loaded.
2023-01-09 02:05:50,384 - elsapy.elsentity - INFO - Module loaded.
2023-01-09 02:05:50,385 - elsapy.utils - INFO - Module loaded.
2023-01-09 02:05:50,385 - elsapy.elsprofile - INFO - Module loaded.
2023-01-09 02:05:50,385 - elsapy.elsdoc - INFO - Module loaded.
2023-01-09 02:05:50,386 - elsapy.elssearch - INFO - Module loaded.
2023-01-09 02:06:30,876 - elsapy.elsclient - INFO - Module loaded.
2023-01-09 02:06:31,159 - elsapy.elsentity - INFO - Module loaded.
2023-01-09 02:06:31,159 - elsapy.utils - INFO - Module loaded.
2023-01-09 02:06:31,159 - elsapy.elsprofile - INFO - Module loaded.
2023-01-09 02:06:31,160 - elsapy.elsdoc - INFO - Module loaded.
2023-01-09 02:06:31,160 - elsapy.elssearch - INFO - Module loaded.
2023-01-09 02:06:57,137 - elsapy.elsclient - INFO - Module loaded.
2023-01-09 02:06:57,391 - elsapy.elsentity - INFO - Module loaded.
2023-01-09 02:06:57,392 - elsapy.utils - INFO - Module loaded.
2023-01-09 02:06:57,392 - elsapy.elsprofile - INFO - Module loaded.
2023-01-09 02:06:57,392 - elsapy.elsdoc - INFO - Module loaded.
2023-01-09 02:06:57,393 - elsapy.elssearch - INFO - Module loaded.
2023-01-09 02:08:28,945 - elsapy.elsclient - INFO - Module loaded.
2023-01-09 02:08:29,195 - elsapy.elsentity - INFO - Module loaded.
2023-01-09 02:08:29,196 - elsapy.utils - INFO - Module loaded.
2023-01-09 02:08:29,196 - elsapy.elsprofile - INFO - Module loaded.
2023-01-09 02:08:29,197 - elsapy.elsdoc - INFO - Module loaded.
2023-01-09 02:08:29,197 - elsapy.elssearch - INFO - Module loaded.
2023-01-09 02:12:56,300 - elsapy.elsclient - INFO - Module loaded.
2023-01-09 02:12:56,572 - elsapy.elsentity - INFO - Module loaded.
2023-01-09 02:12:56,573 - elsapy.utils - INFO - Module loaded.
2023-01-09 02:12:56,573 - elsapy.elsprofile - INFO - Module loaded.
2023-01-09 02:12:56,573 - elsapy.elsdoc - INFO - Module loaded.
2023-01-09 02:12:56,574 - elsapy.elssearch - INFO - Module loaded.
