2023-01-03 18:21:13,644 - elsapy.elsclient - INFO - Module loaded.
2023-01-03 18:21:13,889 - elsapy.elsentity - INFO - Module loaded.
2023-01-03 18:21:13,890 - elsapy.utils - INFO - Module loaded.
2023-01-03 18:21:13,890 - elsapy.elsprofile - INFO - Module loaded.
2023-01-03 18:21:13,890 - elsapy.elsdoc - INFO - Module loaded.
2023-01-03 18:21:13,891 - elsapy.elssearch - INFO - Module loaded.
2023-01-03 18:21:14,653 - elsapy.elsclient - INFO - Sending GET request to https://api.elsevier.com/content/article/doi/10.1016/j.bcra.2022.100088
2023-01-03 18:21:15,671 - elsapy.elsentity - INFO - Data loaded for https://api.elsevier.com/content/article/doi/10.1016/j.bcra.2022.100088
2023-01-03 18:21:15,674 - elsapy.elsentity - INFO - Wrote https://api.elsevier.com/content/article/doi/10.1016/j.bcra.2022.100088 to file
2023-01-03 18:26:03,733 - elsapy.elsclient - INFO - Module loaded.
2023-01-03 18:26:03,986 - elsapy.elsentity - INFO - Module loaded.
2023-01-03 18:26:03,986 - elsapy.utils - INFO - Module loaded.
2023-01-03 18:26:03,986 - elsapy.elsprofile - INFO - Module loaded.
2023-01-03 18:26:03,987 - elsapy.elsdoc - INFO - Module loaded.
2023-01-03 18:26:03,987 - elsapy.elssearch - INFO - Module loaded.
2023-01-03 18:26:04,744 - elsapy.elsclient - INFO - Sending GET request to https://api.elsevier.com/content/search/scopus?query=AFFIL%28American+University+in+Cairo%29+AND+PUBYEAR+%3E+2011
2023-01-03 18:26:07,085 - elsapy.elsclient - INFO - Sending GET request to https://api.elsevier.com/content/search/scopus?start=25&count=25&query=AFFIL%28American+University+in+Cairo%29+AND+PUBYEAR+%3E+2011
2023-01-03 18:26:10,015 - elsapy.elsclient - INFO - Sending GET request to https://api.elsevier.com/content/search/scopus?start=50&count=25&query=AFFIL%28American+University+in+Cairo%29+AND+PUBYEAR+%3E+2011
2023-01-03 18:26:12,742 - elsapy.elsclient - INFO - Sending GET request to https://api.elsevier.com/content/search/scopus?start=75&count=25&query=AFFIL%28American+University+in+Cairo%29+AND+PUBYEAR+%3E+2011
2023-01-03 18:26:16,248 - elsapy.elsclient - INFO - Sending GET request to https://api.elsevier.com/content/search/scopus?start=100&count=25&query=AFFIL%28American+University+in+Cairo%29+AND+PUBYEAR+%3E+2011
2023-01-03 18:26:19,512 - elsapy.elsclient - INFO - Sending GET request to https://api.elsevier.com/content/search/scopus?start=125&count=25&query=AFFIL%28American+University+in+Cairo%29+AND+PUBYEAR+%3E+2011
2023-01-03 18:26:23,030 - elsapy.elsclient - INFO - Sending GET request to https://api.elsevier.com/content/search/scopus?start=150&count=25&query=AFFIL%28American+University+in+Cairo%29+AND+PUBYEAR+%3E+2011
2023-01-03 18:26:26,137 - elsapy.elsclient - INFO - Sending GET request to https://api.elsevier.com/content/search/scopus?start=175&count=25&query=AFFIL%28American+University+in+Cairo%29+AND+PUBYEAR+%3E+2011
2023-01-03 18:26:28,842 - elsapy.elsclient - INFO - Sending GET request to https://api.elsevier.com/content/search/scopus?start=200&count=25&query=AFFIL%28American+University+in+Cairo%29+AND+PUBYEAR+%3E+2011
2023-01-03 18:26:31,669 - elsapy.elsclient - INFO - Sending GET request to https://api.elsevier.com/content/search/scopus?start=225&count=25&query=AFFIL%28American+University+in+Cairo%29+AND+PUBYEAR+%3E+2011
2023-01-03 18:26:34,240 - elsapy.elsclient - INFO - Sending GET request to https://api.elsevier.com/content/search/scopus?start=250&count=25&query=AFFIL%28American+University+in+Cairo%29+AND+PUBYEAR+%3E+2011
2023-01-03 18:26:36,704 - elsapy.elsclient - INFO - Sending GET request to https://api.elsevier.com/content/search/scopus?start=275&count=25&query=AFFIL%28American+University+in+Cairo%29+AND+PUBYEAR+%3E+2011
2023-01-03 18:26:39,343 - elsapy.elsclient - INFO - Sending GET request to https://api.elsevier.com/content/search/scopus?start=300&count=25&query=AFFIL%28American+University+in+Cairo%29+AND+PUBYEAR+%3E+2011
2023-01-03 18:26:41,912 - elsapy.elsclient - INFO - Sending GET request to https://api.elsevier.com/content/search/scopus?start=325&count=25&query=AFFIL%28American+University+in+Cairo%29+AND+PUBYEAR+%3E+2011
2023-01-03 18:26:44,586 - elsapy.elsclient - INFO - Sending GET request to https://api.elsevier.com/content/search/scopus?start=350&count=25&query=AFFIL%28American+University+in+Cairo%29+AND+PUBYEAR+%3E+2011
2023-01-03 18:26:46,781 - elsapy.elsclient - INFO - Sending GET request to https://api.elsevier.com/content/search/scopus?start=375&count=25&query=AFFIL%28American+University+in+Cairo%29+AND+PUBYEAR+%3E+2011
2023-01-03 18:26:48,988 - elsapy.elsclient - INFO - Sending GET request to https://api.elsevier.com/content/search/scopus?start=400&count=25&query=AFFIL%28American+University+in+Cairo%29+AND+PUBYEAR+%3E+2011
2023-01-03 18:26:51,074 - elsapy.elsclient - INFO - Sending GET request to https://api.elsevier.com/content/search/scopus?start=425&count=25&query=AFFIL%28American+University+in+Cairo%29+AND+PUBYEAR+%3E+2011
2023-01-03 18:26:53,765 - elsapy.elsclient - INFO - Sending GET request to https://api.elsevier.com/content/search/scopus?start=450&count=25&query=AFFIL%28American+University+in+Cairo%29+AND+PUBYEAR+%3E+2011
2023-01-03 18:26:55,788 - elsapy.elsclient - INFO - Sending GET request to https://api.elsevier.com/content/search/scopus?start=475&count=25&query=AFFIL%28American+University+in+Cairo%29+AND+PUBYEAR+%3E+2011
2023-01-03 18:26:57,868 - elsapy.elsclient - INFO - Sending GET request to https://api.elsevier.com/content/search/scopus?start=500&count=25&query=AFFIL%28American+University+in+Cairo%29+AND+PUBYEAR+%3E+2011
2023-01-03 18:27:00,083 - elsapy.elsclient - INFO - Sending GET request to https://api.elsevier.com/content/search/scopus?start=525&count=25&query=AFFIL%28American+University+in+Cairo%29+AND+PUBYEAR+%3E+2011
2023-01-03 18:27:02,128 - elsapy.elsclient - INFO - Sending GET request to https://api.elsevier.com/content/search/scopus?start=550&count=25&query=AFFIL%28American+University+in+Cairo%29+AND+PUBYEAR+%3E+2011
2023-01-03 18:27:04,431 - elsapy.elsclient - INFO - Sending GET request to https://api.elsevier.com/content/search/scopus?start=575&count=25&query=AFFIL%28American+University+in+Cairo%29+AND+PUBYEAR+%3E+2011
2023-01-03 18:27:06,520 - elsapy.elsclient - INFO - Sending GET request to https://api.elsevier.com/content/search/scopus?start=600&count=25&query=AFFIL%28American+University+in+Cairo%29+AND+PUBYEAR+%3E+2011
2023-01-03 18:27:08,701 - elsapy.elsclient - INFO - Sending GET request to https://api.elsevier.com/content/search/scopus?start=625&count=25&query=AFFIL%28American+University+in+Cairo%29+AND+PUBYEAR+%3E+2011
2023-01-03 18:27:10,775 - elsapy.elsclient - INFO - Sending GET request to https://api.elsevier.com/content/search/scopus?start=650&count=25&query=AFFIL%28American+University+in+Cairo%29+AND+PUBYEAR+%3E+2011
2023-01-03 18:27:12,902 - elsapy.elsclient - INFO - Sending GET request to https://api.elsevier.com/content/search/scopus?start=675&count=25&query=AFFIL%28American+University+in+Cairo%29+AND+PUBYEAR+%3E+2011
2023-01-03 18:27:15,035 - elsapy.elsclient - INFO - Sending GET request to https://api.elsevier.com/content/search/scopus?start=700&count=25&query=AFFIL%28American+University+in+Cairo%29+AND+PUBYEAR+%3E+2011
2023-01-03 18:27:17,083 - elsapy.elsclient - INFO - Sending GET request to https://api.elsevier.com/content/search/scopus?start=725&count=25&query=AFFIL%28American+University+in+Cairo%29+AND+PUBYEAR+%3E+2011
2023-01-03 18:27:19,153 - elsapy.elsclient - INFO - Sending GET request to https://api.elsevier.com/content/search/scopus?start=750&count=25&query=AFFIL%28American+University+in+Cairo%29+AND+PUBYEAR+%3E+2011
2023-01-03 18:27:21,368 - elsapy.elsclient - INFO - Sending GET request to https://api.elsevier.com/content/search/scopus?start=775&count=25&query=AFFIL%28American+University+in+Cairo%29+AND+PUBYEAR+%3E+2011
2023-01-03 18:27:23,409 - elsapy.elsclient - INFO - Sending GET request to https://api.elsevier.com/content/search/scopus?start=800&count=25&query=AFFIL%28American+University+in+Cairo%29+AND+PUBYEAR+%3E+2011
2023-01-03 18:27:25,557 - elsapy.elsclient - INFO - Sending GET request to https://api.elsevier.com/content/search/scopus?start=825&count=25&query=AFFIL%28American+University+in+Cairo%29+AND+PUBYEAR+%3E+2011
2023-01-03 18:27:27,926 - elsapy.elsclient - INFO - Sending GET request to https://api.elsevier.com/content/search/scopus?start=850&count=25&query=AFFIL%28American+University+in+Cairo%29+AND+PUBYEAR+%3E+2011
2023-01-03 18:27:30,037 - elsapy.elsclient - INFO - Sending GET request to https://api.elsevier.com/content/search/scopus?start=875&count=25&query=AFFIL%28American+University+in+Cairo%29+AND+PUBYEAR+%3E+2011
2023-01-03 18:27:32,077 - elsapy.elsclient - INFO - Sending GET request to https://api.elsevier.com/content/search/scopus?start=900&count=25&query=AFFIL%28American+University+in+Cairo%29+AND+PUBYEAR+%3E+2011
2023-01-03 18:27:34,269 - elsapy.elsclient - INFO - Sending GET request to https://api.elsevier.com/content/search/scopus?start=925&count=25&query=AFFIL%28American+University+in+Cairo%29+AND+PUBYEAR+%3E+2011
2023-01-03 18:27:36,397 - elsapy.elsclient - INFO - Sending GET request to https://api.elsevier.com/content/search/scopus?start=950&count=25&query=AFFIL%28American+University+in+Cairo%29+AND+PUBYEAR+%3E+2011
2023-01-03 18:27:38,419 - elsapy.elsclient - INFO - Sending GET request to https://api.elsevier.com/content/search/scopus?start=975&count=25&query=AFFIL%28American+University+in+Cairo%29+AND+PUBYEAR+%3E+2011
2023-01-03 18:27:40,458 - elsapy.elsclient - INFO - Sending GET request to https://api.elsevier.com/content/search/scopus?start=1000&count=25&query=AFFIL%28American+University+in+Cairo%29+AND+PUBYEAR+%3E+2011
2023-01-03 18:27:42,463 - elsapy.elsclient - INFO - Sending GET request to https://api.elsevier.com/content/search/scopus?start=1025&count=25&query=AFFIL%28American+University+in+Cairo%29+AND+PUBYEAR+%3E+2011
2023-01-03 18:27:44,595 - elsapy.elsclient - INFO - Sending GET request to https://api.elsevier.com/content/search/scopus?start=1050&count=25&query=AFFIL%28American+University+in+Cairo%29+AND+PUBYEAR+%3E+2011
2023-01-03 18:27:46,742 - elsapy.elsclient - INFO - Sending GET request to https://api.elsevier.com/content/search/scopus?start=1075&count=25&query=AFFIL%28American+University+in+Cairo%29+AND+PUBYEAR+%3E+2011
2023-01-03 18:27:48,888 - elsapy.elsclient - INFO - Sending GET request to https://api.elsevier.com/content/search/scopus?start=1100&count=25&query=AFFIL%28American+University+in+Cairo%29+AND+PUBYEAR+%3E+2011
2023-01-03 18:27:50,961 - elsapy.elsclient - INFO - Sending GET request to https://api.elsevier.com/content/search/scopus?start=1125&count=25&query=AFFIL%28American+University+in+Cairo%29+AND+PUBYEAR+%3E+2011
2023-01-03 18:27:53,029 - elsapy.elsclient - INFO - Sending GET request to https://api.elsevier.com/content/search/scopus?start=1150&count=25&query=AFFIL%28American+University+in+Cairo%29+AND+PUBYEAR+%3E+2011
2023-01-03 18:27:55,054 - elsapy.elsclient - INFO - Sending GET request to https://api.elsevier.com/content/search/scopus?start=1175&count=25&query=AFFIL%28American+University+in+Cairo%29+AND+PUBYEAR+%3E+2011
2023-01-03 18:27:57,126 - elsapy.elsclient - INFO - Sending GET request to https://api.elsevier.com/content/search/scopus?start=1200&count=25&query=AFFIL%28American+University+in+Cairo%29+AND+PUBYEAR+%3E+2011
2023-01-03 18:27:59,478 - elsapy.elsclient - INFO - Sending GET request to https://api.elsevier.com/content/search/scopus?start=1225&count=25&query=AFFIL%28American+University+in+Cairo%29+AND+PUBYEAR+%3E+2011
2023-01-03 18:28:01,956 - elsapy.elsclient - INFO - Sending GET request to https://api.elsevier.com/content/search/scopus?start=1250&count=25&query=AFFIL%28American+University+in+Cairo%29+AND+PUBYEAR+%3E+2011
2023-01-03 18:28:04,017 - elsapy.elsclient - INFO - Sending GET request to https://api.elsevier.com/content/search/scopus?start=1275&count=25&query=AFFIL%28American+University+in+Cairo%29+AND+PUBYEAR+%3E+2011
2023-01-03 18:28:06,220 - elsapy.elsclient - INFO - Sending GET request to https://api.elsevier.com/content/search/scopus?start=1300&count=25&query=AFFIL%28American+University+in+Cairo%29+AND+PUBYEAR+%3E+2011
2023-01-03 18:28:08,454 - elsapy.elsclient - INFO - Sending GET request to https://api.elsevier.com/content/search/scopus?start=1325&count=25&query=AFFIL%28American+University+in+Cairo%29+AND+PUBYEAR+%3E+2011
2023-01-03 18:28:10,509 - elsapy.elsclient - INFO - Sending GET request to https://api.elsevier.com/content/search/scopus?start=1350&count=25&query=AFFIL%28American+University+in+Cairo%29+AND+PUBYEAR+%3E+2011
2023-01-03 18:28:12,680 - elsapy.elsclient - INFO - Sending GET request to https://api.elsevier.com/content/search/scopus?start=1375&count=25&query=AFFIL%28American+University+in+Cairo%29+AND+PUBYEAR+%3E+2011
2023-01-03 18:28:14,815 - elsapy.elsclient - INFO - Sending GET request to https://api.elsevier.com/content/search/scopus?start=1400&count=25&query=AFFIL%28American+University+in+Cairo%29+AND+PUBYEAR+%3E+2011
2023-01-03 18:28:16,964 - elsapy.elsclient - INFO - Sending GET request to https://api.elsevier.com/content/search/scopus?start=1425&count=25&query=AFFIL%28American+University+in+Cairo%29+AND+PUBYEAR+%3E+2011
2023-01-03 18:28:19,887 - elsapy.elsclient - INFO - Sending GET request to https://api.elsevier.com/content/search/scopus?start=1450&count=25&query=AFFIL%28American+University+in+Cairo%29+AND+PUBYEAR+%3E+2011
2023-01-03 18:28:21,996 - elsapy.elsclient - INFO - Sending GET request to https://api.elsevier.com/content/search/scopus?start=1475&count=25&query=AFFIL%28American+University+in+Cairo%29+AND+PUBYEAR+%3E+2011
2023-01-03 18:28:24,091 - elsapy.elsclient - INFO - Sending GET request to https://api.elsevier.com/content/search/scopus?start=1500&count=25&query=AFFIL%28American+University+in+Cairo%29+AND+PUBYEAR+%3E+2011
2023-01-03 18:28:26,193 - elsapy.elsclient - INFO - Sending GET request to https://api.elsevier.com/content/search/scopus?start=1525&count=25&query=AFFIL%28American+University+in+Cairo%29+AND+PUBYEAR+%3E+2011
2023-01-03 18:28:28,246 - elsapy.elsclient - INFO - Sending GET request to https://api.elsevier.com/content/search/scopus?start=1550&count=25&query=AFFIL%28American+University+in+Cairo%29+AND+PUBYEAR+%3E+2011
2023-01-03 18:28:30,519 - elsapy.elsclient - INFO - Sending GET request to https://api.elsevier.com/content/search/scopus?start=1575&count=25&query=AFFIL%28American+University+in+Cairo%29+AND+PUBYEAR+%3E+2011
2023-01-03 18:28:32,711 - elsapy.elsclient - INFO - Sending GET request to https://api.elsevier.com/content/search/scopus?start=1600&count=25&query=AFFIL%28American+University+in+Cairo%29+AND+PUBYEAR+%3E+2011
2023-01-03 18:28:34,859 - elsapy.elsclient - INFO - Sending GET request to https://api.elsevier.com/content/search/scopus?start=1625&count=25&query=AFFIL%28American+University+in+Cairo%29+AND+PUBYEAR+%3E+2011
2023-01-03 18:28:36,907 - elsapy.elsclient - INFO - Sending GET request to https://api.elsevier.com/content/search/scopus?start=1650&count=25&query=AFFIL%28American+University+in+Cairo%29+AND+PUBYEAR+%3E+2011
2023-01-03 18:28:38,977 - elsapy.elsclient - INFO - Sending GET request to https://api.elsevier.com/content/search/scopus?start=1675&count=25&query=AFFIL%28American+University+in+Cairo%29+AND+PUBYEAR+%3E+2011
2023-01-03 18:28:41,549 - elsapy.elsclient - INFO - Sending GET request to https://api.elsevier.com/content/search/scopus?start=1700&count=25&query=AFFIL%28American+University+in+Cairo%29+AND+PUBYEAR+%3E+2011
2023-01-03 18:28:44,256 - elsapy.elsclient - INFO - Sending GET request to https://api.elsevier.com/content/search/scopus?start=1725&count=25&query=AFFIL%28American+University+in+Cairo%29+AND+PUBYEAR+%3E+2011
2023-01-03 18:28:46,396 - elsapy.elsclient - INFO - Sending GET request to https://api.elsevier.com/content/search/scopus?start=1750&count=25&query=AFFIL%28American+University+in+Cairo%29+AND+PUBYEAR+%3E+2011
2023-01-03 18:28:48,448 - elsapy.elsclient - INFO - Sending GET request to https://api.elsevier.com/content/search/scopus?start=1775&count=25&query=AFFIL%28American+University+in+Cairo%29+AND+PUBYEAR+%3E+2011
2023-01-03 18:28:51,310 - elsapy.elsclient - INFO - Sending GET request to https://api.elsevier.com/content/search/scopus?start=1800&count=25&query=AFFIL%28American+University+in+Cairo%29+AND+PUBYEAR+%3E+2011
2023-01-03 18:28:53,537 - elsapy.elsclient - INFO - Sending GET request to https://api.elsevier.com/content/search/scopus?start=1825&count=25&query=AFFIL%28American+University+in+Cairo%29+AND+PUBYEAR+%3E+2011
2023-01-03 18:28:56,007 - elsapy.elsclient - INFO - Sending GET request to https://api.elsevier.com/content/search/scopus?start=1850&count=25&query=AFFIL%28American+University+in+Cairo%29+AND+PUBYEAR+%3E+2011
2023-01-03 18:28:58,016 - elsapy.elsclient - INFO - Sending GET request to https://api.elsevier.com/content/search/scopus?start=1875&count=25&query=AFFIL%28American+University+in+Cairo%29+AND+PUBYEAR+%3E+2011
2023-01-03 18:28:59,987 - elsapy.elsclient - INFO - Sending GET request to https://api.elsevier.com/content/search/scopus?start=1900&count=25&query=AFFIL%28American+University+in+Cairo%29+AND+PUBYEAR+%3E+2011
2023-01-03 18:29:02,084 - elsapy.elsclient - INFO - Sending GET request to https://api.elsevier.com/content/search/scopus?start=1925&count=25&query=AFFIL%28American+University+in+Cairo%29+AND+PUBYEAR+%3E+2011
2023-01-03 18:29:04,318 - elsapy.elsclient - INFO - Sending GET request to https://api.elsevier.com/content/search/scopus?start=1950&count=25&query=AFFIL%28American+University+in+Cairo%29+AND+PUBYEAR+%3E+2011
2023-01-03 18:29:06,448 - elsapy.elsclient - INFO - Sending GET request to https://api.elsevier.com/content/search/scopus?start=1975&count=25&query=AFFIL%28American+University+in+Cairo%29+AND+PUBYEAR+%3E+2011
2023-01-03 18:29:08,603 - elsapy.elsclient - INFO - Sending GET request to https://api.elsevier.com/content/search/scopus?start=2000&count=25&query=AFFIL%28American+University+in+Cairo%29+AND+PUBYEAR+%3E+2011
2023-01-03 18:29:10,661 - elsapy.elsclient - INFO - Sending GET request to https://api.elsevier.com/content/search/scopus?start=2025&count=25&query=AFFIL%28American+University+in+Cairo%29+AND+PUBYEAR+%3E+2011
2023-01-03 18:29:12,714 - elsapy.elsclient - INFO - Sending GET request to https://api.elsevier.com/content/search/scopus?start=2050&count=25&query=AFFIL%28American+University+in+Cairo%29+AND+PUBYEAR+%3E+2011
2023-01-03 18:29:14,767 - elsapy.elsclient - INFO - Sending GET request to https://api.elsevier.com/content/search/scopus?start=2075&count=25&query=AFFIL%28American+University+in+Cairo%29+AND+PUBYEAR+%3E+2011
2023-01-03 18:29:17,056 - elsapy.elsclient - INFO - Sending GET request to https://api.elsevier.com/content/search/scopus?start=2100&count=25&query=AFFIL%28American+University+in+Cairo%29+AND+PUBYEAR+%3E+2011
2023-01-03 18:29:19,693 - elsapy.elsclient - INFO - Sending GET request to https://api.elsevier.com/content/search/scopus?start=2125&count=25&query=AFFIL%28American+University+in+Cairo%29+AND+PUBYEAR+%3E+2011
2023-01-03 18:29:41,996 - elsapy.elsclient - INFO - Module loaded.
2023-01-03 18:29:42,256 - elsapy.elsentity - INFO - Module loaded.
2023-01-03 18:29:42,257 - elsapy.utils - INFO - Module loaded.
2023-01-03 18:29:42,257 - elsapy.elsprofile - INFO - Module loaded.
2023-01-03 18:29:42,257 - elsapy.elsdoc - INFO - Module loaded.
2023-01-03 18:29:42,259 - elsapy.elssearch - INFO - Module loaded.
2023-01-03 18:29:43,003 - elsapy.elsclient - INFO - Sending GET request to https://api.elsevier.com/content/search/scopus?query=AFFIL%28American+University+in+Cairo%29+AND+PUBYEAR+%3E+2022
2023-01-03 18:29:45,137 - elsapy.elsclient - INFO - Sending GET request to https://api.elsevier.com/content/search/scopus?start=25&count=25&query=AFFIL%28American+University+in+Cairo%29+AND+PUBYEAR+%3E+2022
2023-01-03 18:29:46,275 - elsapy.utils - INFO - Converting prism:coverDate
2023-01-03 18:30:30,800 - elsapy.elsclient - INFO - Module loaded.
2023-01-03 18:30:31,058 - elsapy.elsentity - INFO - Module loaded.
2023-01-03 18:30:31,058 - elsapy.utils - INFO - Module loaded.
2023-01-03 18:30:31,059 - elsapy.elsprofile - INFO - Module loaded.
2023-01-03 18:30:31,059 - elsapy.elsdoc - INFO - Module loaded.
2023-01-03 18:30:31,059 - elsapy.elssearch - INFO - Module loaded.
2023-01-03 18:30:31,802 - elsapy.elsclient - INFO - Sending GET request to https://api.elsevier.com/content/search/scopus?query=AFFIL%28American+University+in+Cairo%29+AND+PUBYEAR+%3E+2022
2023-01-03 18:30:33,756 - elsapy.elsclient - INFO - Sending GET request to https://api.elsevier.com/content/search/scopus?start=25&count=25&query=AFFIL%28American+University+in+Cairo%29+AND+PUBYEAR+%3E+2022
2023-01-03 18:30:34,732 - elsapy.utils - INFO - Converting prism:coverDate
2023-01-03 18:38:13,969 - elsapy.elsclient - INFO - Module loaded.
2023-01-03 18:38:14,282 - elsapy.elsentity - INFO - Module loaded.
2023-01-03 18:38:14,282 - elsapy.utils - INFO - Module loaded.
2023-01-03 18:38:14,282 - elsapy.elsprofile - INFO - Module loaded.
2023-01-03 18:38:14,283 - elsapy.elsdoc - INFO - Module loaded.
2023-01-03 18:38:14,283 - elsapy.elssearch - INFO - Module loaded.
2023-01-03 18:38:14,978 - elsapy.elsclient - INFO - Sending GET request to https://api.elsevier.com/content/search/scopus?query=AFFIL%28American+University+in+Cairo%29+AND+PUBYEAR+%3E+2022+AND+subtypeDescription%28Article%29
2023-01-03 18:41:02,833 - elsapy.elsclient - INFO - Module loaded.
2023-01-03 18:41:03,113 - elsapy.elsentity - INFO - Module loaded.
2023-01-03 18:41:03,113 - elsapy.utils - INFO - Module loaded.
2023-01-03 18:41:03,114 - elsapy.elsprofile - INFO - Module loaded.
2023-01-03 18:41:03,114 - elsapy.elsdoc - INFO - Module loaded.
2023-01-03 18:41:03,115 - elsapy.elssearch - INFO - Module loaded.
2023-01-03 18:41:03,837 - elsapy.elsclient - INFO - Sending GET request to https://api.elsevier.com/content/search/scopus?query=AFFIL%28American+University+in+Cairo%29+AND+PUBYEAR+%3E+2022+AND+SRCTYPE%28Article%29
2023-01-03 18:47:30,487 - elsapy.elsclient - INFO - Module loaded.
2023-01-03 18:47:30,748 - elsapy.elsentity - INFO - Module loaded.
2023-01-03 18:47:30,749 - elsapy.utils - INFO - Module loaded.
2023-01-03 18:47:30,749 - elsapy.elsprofile - INFO - Module loaded.
2023-01-03 18:47:30,750 - elsapy.elsdoc - INFO - Module loaded.
2023-01-03 18:47:30,750 - elsapy.elssearch - INFO - Module loaded.
2023-01-03 18:47:31,500 - elsapy.elsclient - INFO - Sending GET request to https://api.elsevier.com/content/search/scopus?query=AFFIL%28American+University+in+Cairo%29+AND+PUBYEAR+%3E+2022+AND+SRCTYPE%28j%29
2023-01-03 18:47:32,857 - elsapy.utils - INFO - Converting prism:coverDate
2023-01-03 18:47:54,100 - elsapy.elsclient - INFO - Module loaded.
2023-01-03 18:47:54,373 - elsapy.elsentity - INFO - Module loaded.
2023-01-03 18:47:54,373 - elsapy.utils - INFO - Module loaded.
2023-01-03 18:47:54,373 - elsapy.elsprofile - INFO - Module loaded.
2023-01-03 18:47:54,374 - elsapy.elsdoc - INFO - Module loaded.
2023-01-03 18:47:54,374 - elsapy.elssearch - INFO - Module loaded.
2023-01-03 18:47:55,112 - elsapy.elsclient - INFO - Sending GET request to https://api.elsevier.com/content/search/scopus?query=AFFIL%28American+University+in+Cairo%29+AND+PUBYEAR+%3E+2020+AND+SRCTYPE%28j%29
2023-01-03 18:47:57,364 - elsapy.elsclient - INFO - Sending GET request to https://api.elsevier.com/content/search/scopus?start=25&count=25&query=AFFIL%28American+University+in+Cairo%29+AND+PUBYEAR+%3E+2020+AND+SRCTYPE%28j%29
2023-01-03 18:47:59,852 - elsapy.elsclient - INFO - Sending GET request to https://api.elsevier.com/content/search/scopus?start=50&count=25&query=AFFIL%28American+University+in+Cairo%29+AND+PUBYEAR+%3E+2020+AND+SRCTYPE%28j%29
2023-01-03 18:48:02,770 - elsapy.elsclient - INFO - Sending GET request to https://api.elsevier.com/content/search/scopus?start=75&count=25&query=AFFIL%28American+University+in+Cairo%29+AND+PUBYEAR+%3E+2020+AND+SRCTYPE%28j%29
2023-01-03 18:48:05,624 - elsapy.elsclient - INFO - Sending GET request to https://api.elsevier.com/content/search/scopus?start=100&count=25&query=AFFIL%28American+University+in+Cairo%29+AND+PUBYEAR+%3E+2020+AND+SRCTYPE%28j%29
2023-01-03 18:48:08,894 - elsapy.elsclient - INFO - Sending GET request to https://api.elsevier.com/content/search/scopus?start=125&count=25&query=AFFIL%28American+University+in+Cairo%29+AND+PUBYEAR+%3E+2020+AND+SRCTYPE%28j%29
2023-01-03 18:48:12,011 - elsapy.elsclient - INFO - Sending GET request to https://api.elsevier.com/content/search/scopus?start=150&count=25&query=AFFIL%28American+University+in+Cairo%29+AND+PUBYEAR+%3E+2020+AND+SRCTYPE%28j%29
2023-01-03 18:48:14,284 - elsapy.elsclient - INFO - Sending GET request to https://api.elsevier.com/content/search/scopus?start=175&count=25&query=AFFIL%28American+University+in+Cairo%29+AND+PUBYEAR+%3E+2020+AND+SRCTYPE%28j%29
2023-01-03 18:48:16,662 - elsapy.elsclient - INFO - Sending GET request to https://api.elsevier.com/content/search/scopus?start=200&count=25&query=AFFIL%28American+University+in+Cairo%29+AND+PUBYEAR+%3E+2020+AND+SRCTYPE%28j%29
2023-01-03 18:48:19,208 - elsapy.elsclient - INFO - Sending GET request to https://api.elsevier.com/content/search/scopus?start=225&count=25&query=AFFIL%28American+University+in+Cairo%29+AND+PUBYEAR+%3E+2020+AND+SRCTYPE%28j%29
2023-01-03 18:48:21,884 - elsapy.elsclient - INFO - Sending GET request to https://api.elsevier.com/content/search/scopus?start=250&count=25&query=AFFIL%28American+University+in+Cairo%29+AND+PUBYEAR+%3E+2020+AND+SRCTYPE%28j%29
2023-01-03 18:48:24,717 - elsapy.elsclient - INFO - Sending GET request to https://api.elsevier.com/content/search/scopus?start=275&count=25&query=AFFIL%28American+University+in+Cairo%29+AND+PUBYEAR+%3E+2020+AND+SRCTYPE%28j%29
2023-01-03 18:48:27,173 - elsapy.elsclient - INFO - Sending GET request to https://api.elsevier.com/content/search/scopus?start=300&count=25&query=AFFIL%28American+University+in+Cairo%29+AND+PUBYEAR+%3E+2020+AND+SRCTYPE%28j%29
2023-01-03 18:48:29,471 - elsapy.elsclient - INFO - Sending GET request to https://api.elsevier.com/content/search/scopus?start=325&count=25&query=AFFIL%28American+University+in+Cairo%29+AND+PUBYEAR+%3E+2020+AND+SRCTYPE%28j%29
2023-01-03 18:48:31,694 - elsapy.elsclient - INFO - Sending GET request to https://api.elsevier.com/content/search/scopus?start=350&count=25&query=AFFIL%28American+University+in+Cairo%29+AND+PUBYEAR+%3E+2020+AND+SRCTYPE%28j%29
2023-01-03 18:48:34,148 - elsapy.elsclient - INFO - Sending GET request to https://api.elsevier.com/content/search/scopus?start=375&count=25&query=AFFIL%28American+University+in+Cairo%29+AND+PUBYEAR+%3E+2020+AND+SRCTYPE%28j%29
2023-01-03 18:48:36,278 - elsapy.elsclient - INFO - Sending GET request to https://api.elsevier.com/content/search/scopus?start=400&count=25&query=AFFIL%28American+University+in+Cairo%29+AND+PUBYEAR+%3E+2020+AND+SRCTYPE%28j%29
2023-01-03 18:48:38,328 - elsapy.elsclient - INFO - Sending GET request to https://api.elsevier.com/content/search/scopus?start=425&count=25&query=AFFIL%28American+University+in+Cairo%29+AND+PUBYEAR+%3E+2020+AND+SRCTYPE%28j%29
2023-01-03 18:48:40,520 - elsapy.elsclient - INFO - Sending GET request to https://api.elsevier.com/content/search/scopus?start=450&count=25&query=AFFIL%28American+University+in+Cairo%29+AND+PUBYEAR+%3E+2020+AND+SRCTYPE%28j%29
2023-01-03 18:48:42,639 - elsapy.elsclient - INFO - Sending GET request to https://api.elsevier.com/content/search/scopus?start=475&count=25&query=AFFIL%28American+University+in+Cairo%29+AND+PUBYEAR+%3E+2020+AND+SRCTYPE%28j%29
2023-01-03 18:48:44,910 - elsapy.elsclient - INFO - Sending GET request to https://api.elsevier.com/content/search/scopus?start=500&count=25&query=AFFIL%28American+University+in+Cairo%29+AND+PUBYEAR+%3E+2020+AND+SRCTYPE%28j%29
2023-01-03 18:48:46,931 - elsapy.elsclient - INFO - Sending GET request to https://api.elsevier.com/content/search/scopus?start=525&count=25&query=AFFIL%28American+University+in+Cairo%29+AND+PUBYEAR+%3E+2020+AND+SRCTYPE%28j%29
2023-01-03 18:48:49,137 - elsapy.elsclient - INFO - Sending GET request to https://api.elsevier.com/content/search/scopus?start=550&count=25&query=AFFIL%28American+University+in+Cairo%29+AND+PUBYEAR+%3E+2020+AND+SRCTYPE%28j%29
2023-01-03 18:48:51,159 - elsapy.elsclient - INFO - Sending GET request to https://api.elsevier.com/content/search/scopus?start=575&count=25&query=AFFIL%28American+University+in+Cairo%29+AND+PUBYEAR+%3E+2020+AND+SRCTYPE%28j%29
2023-01-03 18:48:53,291 - elsapy.elsclient - INFO - Sending GET request to https://api.elsevier.com/content/search/scopus?start=600&count=25&query=AFFIL%28American+University+in+Cairo%29+AND+PUBYEAR+%3E+2020+AND+SRCTYPE%28j%29
2023-01-03 18:48:55,416 - elsapy.elsclient - INFO - Sending GET request to https://api.elsevier.com/content/search/scopus?start=625&count=25&query=AFFIL%28American+University+in+Cairo%29+AND+PUBYEAR+%3E+2020+AND+SRCTYPE%28j%29
2023-01-03 18:48:58,340 - elsapy.elsclient - INFO - Sending GET request to https://api.elsevier.com/content/search/scopus?start=650&count=25&query=AFFIL%28American+University+in+Cairo%29+AND+PUBYEAR+%3E+2020+AND+SRCTYPE%28j%29
2023-01-03 18:49:00,593 - elsapy.elsclient - INFO - Sending GET request to https://api.elsevier.com/content/search/scopus?start=675&count=25&query=AFFIL%28American+University+in+Cairo%29+AND+PUBYEAR+%3E+2020+AND+SRCTYPE%28j%29
2023-01-03 18:49:02,810 - elsapy.elsclient - INFO - Sending GET request to https://api.elsevier.com/content/search/scopus?start=700&count=25&query=AFFIL%28American+University+in+Cairo%29+AND+PUBYEAR+%3E+2020+AND+SRCTYPE%28j%29
2023-01-03 18:49:05,106 - elsapy.elsclient - INFO - Sending GET request to https://api.elsevier.com/content/search/scopus?start=725&count=25&query=AFFIL%28American+University+in+Cairo%29+AND+PUBYEAR+%3E+2020+AND+SRCTYPE%28j%29
2023-01-03 18:49:07,268 - elsapy.elsclient - INFO - Sending GET request to https://api.elsevier.com/content/search/scopus?start=750&count=25&query=AFFIL%28American+University+in+Cairo%29+AND+PUBYEAR+%3E+2020+AND+SRCTYPE%28j%29
2023-01-03 18:49:09,391 - elsapy.elsclient - INFO - Sending GET request to https://api.elsevier.com/content/search/scopus?start=775&count=25&query=AFFIL%28American+University+in+Cairo%29+AND+PUBYEAR+%3E+2020+AND+SRCTYPE%28j%29
2023-01-03 18:49:11,497 - elsapy.elsclient - INFO - Sending GET request to https://api.elsevier.com/content/search/scopus?start=800&count=25&query=AFFIL%28American+University+in+Cairo%29+AND+PUBYEAR+%3E+2020+AND+SRCTYPE%28j%29
2023-01-03 18:49:13,728 - elsapy.elsclient - INFO - Sending GET request to https://api.elsevier.com/content/search/scopus?start=825&count=25&query=AFFIL%28American+University+in+Cairo%29+AND+PUBYEAR+%3E+2020+AND+SRCTYPE%28j%29
2023-01-03 18:49:15,892 - elsapy.elsclient - INFO - Sending GET request to https://api.elsevier.com/content/search/scopus?start=850&count=25&query=AFFIL%28American+University+in+Cairo%29+AND+PUBYEAR+%3E+2020+AND+SRCTYPE%28j%29
2023-01-03 18:49:18,005 - elsapy.elsclient - INFO - Sending GET request to https://api.elsevier.com/content/search/scopus?start=875&count=25&query=AFFIL%28American+University+in+Cairo%29+AND+PUBYEAR+%3E+2020+AND+SRCTYPE%28j%29
2023-01-03 18:49:20,238 - elsapy.elsclient - INFO - Sending GET request to https://api.elsevier.com/content/search/scopus?start=900&count=25&query=AFFIL%28American+University+in+Cairo%29+AND+PUBYEAR+%3E+2020+AND+SRCTYPE%28j%29
2023-01-03 18:49:21,153 - elsapy.utils - INFO - Converting prism:coverDate
2023-01-03 21:37:00,764 - elsapy.elsclient - INFO - Module loaded.
2023-01-03 21:37:01,054 - elsapy.elsentity - INFO - Module loaded.
2023-01-03 21:37:01,054 - elsapy.utils - INFO - Module loaded.
2023-01-03 21:37:01,054 - elsapy.elsprofile - INFO - Module loaded.
2023-01-03 21:37:01,055 - elsapy.elsdoc - INFO - Module loaded.
2023-01-03 21:37:01,055 - elsapy.elssearch - INFO - Module loaded.
2023-01-03 21:37:01,774 - elsapy.elsclient - INFO - Sending GET request to https://api.elsevier.com/content/search/scopus?query=AFFIL%28American+University+in+Cairo%29+AND+PUBYEAR+%3E+2022%3DAND+SRCTYPE%28j%29
2023-01-03 21:37:11,109 - elsapy.utils - INFO - Converting prism:coverDate
2023-01-03 21:48:59,351 - elsapy.elsclient - INFO - Module loaded.
2023-01-03 21:48:59,606 - elsapy.elsentity - INFO - Module loaded.
2023-01-03 21:48:59,607 - elsapy.utils - INFO - Module loaded.
2023-01-03 21:48:59,607 - elsapy.elsprofile - INFO - Module loaded.
2023-01-03 21:48:59,607 - elsapy.elsdoc - INFO - Module loaded.
2023-01-03 21:48:59,608 - elsapy.elssearch - INFO - Module loaded.
2023-01-03 21:49:00,364 - elsapy.elsclient - INFO - Sending GET request to https://api.elsevier.com/content/search/scopus?query=AFFIL%28American+University+in+Cairo%29+AND+PUBYEAR+%3E%3D2022+AND+DOCTYPE%28ar%29
2023-01-03 21:52:31,355 - elsapy.elsclient - INFO - Module loaded.
2023-01-03 21:52:31,607 - elsapy.elsentity - INFO - Module loaded.
2023-01-03 21:52:31,608 - elsapy.utils - INFO - Module loaded.
2023-01-03 21:52:31,608 - elsapy.elsprofile - INFO - Module loaded.
2023-01-03 21:52:31,608 - elsapy.elsdoc - INFO - Module loaded.
2023-01-03 21:52:31,609 - elsapy.elssearch - INFO - Module loaded.
2023-01-03 21:52:32,361 - elsapy.elsclient - INFO - Sending GET request to https://api.elsevier.com/content/search/scopus?query=AFFIL%28American+University+in+Cairo%29+AND+PUBYEAR+%3E%3D+2022+AND+facets+%3D+srctype%28j%29
2023-01-03 21:53:02,434 - elsapy.elsclient - INFO - Module loaded.
2023-01-03 21:53:02,724 - elsapy.elsentity - INFO - Module loaded.
2023-01-03 21:53:02,725 - elsapy.utils - INFO - Module loaded.
2023-01-03 21:53:02,725 - elsapy.elsprofile - INFO - Module loaded.
2023-01-03 21:53:02,725 - elsapy.elsdoc - INFO - Module loaded.
2023-01-03 21:53:02,726 - elsapy.elssearch - INFO - Module loaded.
2023-01-03 21:53:03,445 - elsapy.elsclient - INFO - Sending GET request to https://api.elsevier.com/content/search/scopus?query=AFFIL%28American+University+in+Cairo%29+AND+PUBYEAR+%3E%3D+2022+AND+facets+%3D+SRCTYPE%28j%29
2023-01-03 21:53:16,002 - elsapy.elsclient - INFO - Module loaded.
2023-01-03 21:53:16,271 - elsapy.elsentity - INFO - Module loaded.
2023-01-03 21:53:16,272 - elsapy.utils - INFO - Module loaded.
2023-01-03 21:53:16,272 - elsapy.elsprofile - INFO - Module loaded.
2023-01-03 21:53:16,272 - elsapy.elsdoc - INFO - Module loaded.
2023-01-03 21:53:16,273 - elsapy.elssearch - INFO - Module loaded.
2023-01-03 21:53:17,013 - elsapy.elsclient - INFO - Sending GET request to https://api.elsevier.com/content/search/scopus?query=AFFIL%28American+University+in+Cairo%29+AND+PUBYEAR+%3E%3D+2022+AND+SRCTYPE%28j%29
2023-01-03 21:53:33,417 - elsapy.elsclient - INFO - Module loaded.
2023-01-03 21:53:33,673 - elsapy.elsentity - INFO - Module loaded.
2023-01-03 21:53:33,674 - elsapy.utils - INFO - Module loaded.
2023-01-03 21:53:33,674 - elsapy.elsprofile - INFO - Module loaded.
2023-01-03 21:53:33,675 - elsapy.elsdoc - INFO - Module loaded.
2023-01-03 21:53:33,675 - elsapy.elssearch - INFO - Module loaded.
2023-01-03 21:53:34,418 - elsapy.elsclient - INFO - Sending GET request to https://api.elsevier.com/content/search/scopus?query=AFFIL%28American+University+in+Cairo%29+AND+PUBYEAR+%3E+2022+AND+SRCTYPE%28j%29
2023-01-03 21:53:38,628 - elsapy.utils - INFO - Converting prism:coverDate
2023-01-03 21:53:46,602 - elsapy.elsclient - INFO - Module loaded.
2023-01-03 21:53:46,849 - elsapy.elsentity - INFO - Module loaded.
2023-01-03 21:53:46,849 - elsapy.utils - INFO - Module loaded.
2023-01-03 21:53:46,849 - elsapy.elsprofile - INFO - Module loaded.
2023-01-03 21:53:46,850 - elsapy.elsdoc - INFO - Module loaded.
2023-01-03 21:53:46,850 - elsapy.elssearch - INFO - Module loaded.
2023-01-03 21:53:47,603 - elsapy.elsclient - INFO - Sending GET request to https://api.elsevier.com/content/search/scopus?query=AFFIL%28American+University+in+Cairo%29+AND+PUBYEAR+%3E+2021+AND+SRCTYPE%28j%29
2023-01-03 21:53:50,487 - elsapy.elsclient - INFO - Sending GET request to https://api.elsevier.com/content/search/scopus?start=25&count=25&query=AFFIL%28American+University+in+Cairo%29+AND+PUBYEAR+%3E+2021+AND+SRCTYPE%28j%29
2023-01-03 21:53:53,379 - elsapy.elsclient - INFO - Sending GET request to https://api.elsevier.com/content/search/scopus?start=50&count=25&query=AFFIL%28American+University+in+Cairo%29+AND+PUBYEAR+%3E+2021+AND+SRCTYPE%28j%29
2023-01-03 21:53:56,358 - elsapy.elsclient - INFO - Sending GET request to https://api.elsevier.com/content/search/scopus?start=75&count=25&query=AFFIL%28American+University+in+Cairo%29+AND+PUBYEAR+%3E+2021+AND+SRCTYPE%28j%29
2023-01-03 21:53:58,800 - elsapy.elsclient - INFO - Sending GET request to https://api.elsevier.com/content/search/scopus?start=100&count=25&query=AFFIL%28American+University+in+Cairo%29+AND+PUBYEAR+%3E+2021+AND+SRCTYPE%28j%29
2023-01-03 21:54:01,190 - elsapy.elsclient - INFO - Sending GET request to https://api.elsevier.com/content/search/scopus?start=125&count=25&query=AFFIL%28American+University+in+Cairo%29+AND+PUBYEAR+%3E+2021+AND+SRCTYPE%28j%29
2023-01-03 21:54:03,736 - elsapy.elsclient - INFO - Sending GET request to https://api.elsevier.com/content/search/scopus?start=150&count=25&query=AFFIL%28American+University+in+Cairo%29+AND+PUBYEAR+%3E+2021+AND+SRCTYPE%28j%29
2023-01-03 21:54:06,684 - elsapy.elsclient - INFO - Sending GET request to https://api.elsevier.com/content/search/scopus?start=175&count=25&query=AFFIL%28American+University+in+Cairo%29+AND+PUBYEAR+%3E+2021+AND+SRCTYPE%28j%29
2023-01-03 21:54:08,948 - elsapy.elsclient - INFO - Sending GET request to https://api.elsevier.com/content/search/scopus?start=200&count=25&query=AFFIL%28American+University+in+Cairo%29+AND+PUBYEAR+%3E+2021+AND+SRCTYPE%28j%29
2023-01-03 21:54:11,221 - elsapy.elsclient - INFO - Sending GET request to https://api.elsevier.com/content/search/scopus?start=225&count=25&query=AFFIL%28American+University+in+Cairo%29+AND+PUBYEAR+%3E+2021+AND+SRCTYPE%28j%29
2023-01-03 21:54:13,431 - elsapy.elsclient - INFO - Sending GET request to https://api.elsevier.com/content/search/scopus?start=250&count=25&query=AFFIL%28American+University+in+Cairo%29+AND+PUBYEAR+%3E+2021+AND+SRCTYPE%28j%29
2023-01-03 21:54:15,995 - elsapy.elsclient - INFO - Sending GET request to https://api.elsevier.com/content/search/scopus?start=275&count=25&query=AFFIL%28American+University+in+Cairo%29+AND+PUBYEAR+%3E+2021+AND+SRCTYPE%28j%29
2023-01-03 21:54:18,186 - elsapy.elsclient - INFO - Sending GET request to https://api.elsevier.com/content/search/scopus?start=300&count=25&query=AFFIL%28American+University+in+Cairo%29+AND+PUBYEAR+%3E+2021+AND+SRCTYPE%28j%29
2023-01-03 21:54:20,581 - elsapy.elsclient - INFO - Sending GET request to https://api.elsevier.com/content/search/scopus?start=325&count=25&query=AFFIL%28American+University+in+Cairo%29+AND+PUBYEAR+%3E+2021+AND+SRCTYPE%28j%29
2023-01-03 21:54:22,960 - elsapy.elsclient - INFO - Sending GET request to https://api.elsevier.com/content/search/scopus?start=350&count=25&query=AFFIL%28American+University+in+Cairo%29+AND+PUBYEAR+%3E+2021+AND+SRCTYPE%28j%29
2023-01-03 21:54:25,206 - elsapy.elsclient - INFO - Sending GET request to https://api.elsevier.com/content/search/scopus?start=375&count=25&query=AFFIL%28American+University+in+Cairo%29+AND+PUBYEAR+%3E+2021+AND+SRCTYPE%28j%29
2023-01-03 21:54:27,665 - elsapy.elsclient - INFO - Sending GET request to https://api.elsevier.com/content/search/scopus?start=400&count=25&query=AFFIL%28American+University+in+Cairo%29+AND+PUBYEAR+%3E+2021+AND+SRCTYPE%28j%29
2023-01-03 21:54:30,625 - elsapy.elsclient - INFO - Sending GET request to https://api.elsevier.com/content/search/scopus?start=425&count=25&query=AFFIL%28American+University+in+Cairo%29+AND+PUBYEAR+%3E+2021+AND+SRCTYPE%28j%29
2023-01-03 21:54:35,077 - elsapy.elsclient - INFO - Sending GET request to https://api.elsevier.com/content/search/scopus?start=450&count=25&query=AFFIL%28American+University+in+Cairo%29+AND+PUBYEAR+%3E+2021+AND+SRCTYPE%28j%29
2023-01-03 21:54:37,657 - elsapy.elsclient - INFO - Sending GET request to https://api.elsevier.com/content/search/scopus?start=475&count=25&query=AFFIL%28American+University+in+Cairo%29+AND+PUBYEAR+%3E+2021+AND+SRCTYPE%28j%29
2023-01-03 21:54:39,392 - elsapy.utils - INFO - Converting prism:coverDate
2023-01-03 21:55:48,777 - elsapy.elsclient - INFO - Module loaded.
2023-01-03 21:55:49,050 - elsapy.elsentity - INFO - Module loaded.
2023-01-03 21:55:49,051 - elsapy.utils - INFO - Module loaded.
2023-01-03 21:55:49,051 - elsapy.elsprofile - INFO - Module loaded.
2023-01-03 21:55:49,051 - elsapy.elsdoc - INFO - Module loaded.
2023-01-03 21:55:49,051 - elsapy.elssearch - INFO - Module loaded.
2023-01-03 21:55:49,779 - elsapy.elsclient - INFO - Sending GET request to https://api.elsevier.com/content/search/scopus?query=AFFIL%28American+University+in+Cairo%29+AND+PUBYEAR+%3E+2021+AND+SRCTYPE%28j%29
2023-01-03 21:55:52,032 - elsapy.elsclient - INFO - Sending GET request to https://api.elsevier.com/content/search/scopus?start=25&count=25&query=AFFIL%28American+University+in+Cairo%29+AND+PUBYEAR+%3E+2021+AND+SRCTYPE%28j%29
2023-01-03 21:55:54,226 - elsapy.elsclient - INFO - Sending GET request to https://api.elsevier.com/content/search/scopus?start=50&count=25&query=AFFIL%28American+University+in+Cairo%29+AND+PUBYEAR+%3E+2021+AND+SRCTYPE%28j%29
2023-01-03 21:55:57,683 - elsapy.elsclient - INFO - Sending GET request to https://api.elsevier.com/content/search/scopus?start=75&count=25&query=AFFIL%28American+University+in+Cairo%29+AND+PUBYEAR+%3E+2021+AND+SRCTYPE%28j%29
2023-01-03 21:56:00,050 - elsapy.elsclient - INFO - Sending GET request to https://api.elsevier.com/content/search/scopus?start=100&count=25&query=AFFIL%28American+University+in+Cairo%29+AND+PUBYEAR+%3E+2021+AND+SRCTYPE%28j%29
2023-01-03 21:56:02,595 - elsapy.elsclient - INFO - Sending GET request to https://api.elsevier.com/content/search/scopus?start=125&count=25&query=AFFIL%28American+University+in+Cairo%29+AND+PUBYEAR+%3E+2021+AND+SRCTYPE%28j%29
2023-01-03 21:56:05,036 - elsapy.elsclient - INFO - Sending GET request to https://api.elsevier.com/content/search/scopus?start=150&count=25&query=AFFIL%28American+University+in+Cairo%29+AND+PUBYEAR+%3E+2021+AND+SRCTYPE%28j%29
2023-01-03 21:56:07,691 - elsapy.elsclient - INFO - Sending GET request to https://api.elsevier.com/content/search/scopus?start=175&count=25&query=AFFIL%28American+University+in+Cairo%29+AND+PUBYEAR+%3E+2021+AND+SRCTYPE%28j%29
2023-01-03 21:56:09,898 - elsapy.elsclient - INFO - Sending GET request to https://api.elsevier.com/content/search/scopus?start=200&count=25&query=AFFIL%28American+University+in+Cairo%29+AND+PUBYEAR+%3E+2021+AND+SRCTYPE%28j%29
2023-01-03 21:56:12,138 - elsapy.elsclient - INFO - Sending GET request to https://api.elsevier.com/content/search/scopus?start=225&count=25&query=AFFIL%28American+University+in+Cairo%29+AND+PUBYEAR+%3E+2021+AND+SRCTYPE%28j%29
2023-01-03 21:56:14,398 - elsapy.elsclient - INFO - Sending GET request to https://api.elsevier.com/content/search/scopus?start=250&count=25&query=AFFIL%28American+University+in+Cairo%29+AND+PUBYEAR+%3E+2021+AND+SRCTYPE%28j%29
2023-01-03 21:56:16,718 - elsapy.elsclient - INFO - Sending GET request to https://api.elsevier.com/content/search/scopus?start=275&count=25&query=AFFIL%28American+University+in+Cairo%29+AND+PUBYEAR+%3E+2021+AND+SRCTYPE%28j%29
2023-01-03 21:56:19,020 - elsapy.elsclient - INFO - Sending GET request to https://api.elsevier.com/content/search/scopus?start=300&count=25&query=AFFIL%28American+University+in+Cairo%29+AND+PUBYEAR+%3E+2021+AND+SRCTYPE%28j%29
2023-01-03 21:56:21,298 - elsapy.elsclient - INFO - Sending GET request to https://api.elsevier.com/content/search/scopus?start=325&count=25&query=AFFIL%28American+University+in+Cairo%29+AND+PUBYEAR+%3E+2021+AND+SRCTYPE%28j%29
2023-01-03 21:56:24,157 - elsapy.elsclient - INFO - Sending GET request to https://api.elsevier.com/content/search/scopus?start=350&count=25&query=AFFIL%28American+University+in+Cairo%29+AND+PUBYEAR+%3E+2021+AND+SRCTYPE%28j%29
2023-01-03 21:56:26,260 - elsapy.elsclient - INFO - Sending GET request to https://api.elsevier.com/content/search/scopus?start=375&count=25&query=AFFIL%28American+University+in+Cairo%29+AND+PUBYEAR+%3E+2021+AND+SRCTYPE%28j%29
2023-01-03 21:56:33,749 - elsapy.elsclient - INFO - Sending GET request to https://api.elsevier.com/content/search/scopus?start=400&count=25&query=AFFIL%28American+University+in+Cairo%29+AND+PUBYEAR+%3E+2021+AND+SRCTYPE%28j%29
2023-01-03 21:56:35,838 - elsapy.elsclient - INFO - Sending GET request to https://api.elsevier.com/content/search/scopus?start=425&count=25&query=AFFIL%28American+University+in+Cairo%29+AND+PUBYEAR+%3E+2021+AND+SRCTYPE%28j%29
2023-01-03 21:56:38,004 - elsapy.elsclient - INFO - Sending GET request to https://api.elsevier.com/content/search/scopus?start=450&count=25&query=AFFIL%28American+University+in+Cairo%29+AND+PUBYEAR+%3E+2021+AND+SRCTYPE%28j%29
2023-01-03 21:56:40,191 - elsapy.elsclient - INFO - Sending GET request to https://api.elsevier.com/content/search/scopus?start=475&count=25&query=AFFIL%28American+University+in+Cairo%29+AND+PUBYEAR+%3E+2021+AND+SRCTYPE%28j%29
2023-01-03 21:56:41,318 - elsapy.utils - INFO - Converting prism:coverDate
2023-01-03 21:57:10,730 - elsapy.elsclient - INFO - Module loaded.
2023-01-03 21:57:10,989 - elsapy.elsentity - INFO - Module loaded.
2023-01-03 21:57:10,990 - elsapy.utils - INFO - Module loaded.
2023-01-03 21:57:10,990 - elsapy.elsprofile - INFO - Module loaded.
2023-01-03 21:57:10,991 - elsapy.elsdoc - INFO - Module loaded.
2023-01-03 21:57:10,991 - elsapy.elssearch - INFO - Module loaded.
2023-01-03 21:57:11,745 - elsapy.elsclient - INFO - Sending GET request to https://api.elsevier.com/content/search/scopus?query=AFFIL%28American+University+in+Cairo%29+AND+PUBYEAR+%3E+2021+AND+SRCTYPE%28j%29
2023-01-03 21:57:14,311 - elsapy.elsclient - INFO - Sending GET request to https://api.elsevier.com/content/search/scopus?start=25&count=25&query=AFFIL%28American+University+in+Cairo%29+AND+PUBYEAR+%3E+2021+AND+SRCTYPE%28j%29
2023-01-03 21:57:16,470 - elsapy.elsclient - INFO - Sending GET request to https://api.elsevier.com/content/search/scopus?start=50&count=25&query=AFFIL%28American+University+in+Cairo%29+AND+PUBYEAR+%3E+2021+AND+SRCTYPE%28j%29
2023-01-03 21:57:19,615 - elsapy.elsclient - INFO - Sending GET request to https://api.elsevier.com/content/search/scopus?start=75&count=25&query=AFFIL%28American+University+in+Cairo%29+AND+PUBYEAR+%3E+2021+AND+SRCTYPE%28j%29
2023-01-03 21:57:22,386 - elsapy.elsclient - INFO - Sending GET request to https://api.elsevier.com/content/search/scopus?start=100&count=25&query=AFFIL%28American+University+in+Cairo%29+AND+PUBYEAR+%3E+2021+AND+SRCTYPE%28j%29
2023-01-03 21:57:24,619 - elsapy.elsclient - INFO - Sending GET request to https://api.elsevier.com/content/search/scopus?start=125&count=25&query=AFFIL%28American+University+in+Cairo%29+AND+PUBYEAR+%3E+2021+AND+SRCTYPE%28j%29
2023-01-03 21:57:26,770 - elsapy.elsclient - INFO - Sending GET request to https://api.elsevier.com/content/search/scopus?start=150&count=25&query=AFFIL%28American+University+in+Cairo%29+AND+PUBYEAR+%3E+2021+AND+SRCTYPE%28j%29
2023-01-03 21:57:28,997 - elsapy.elsclient - INFO - Sending GET request to https://api.elsevier.com/content/search/scopus?start=175&count=25&query=AFFIL%28American+University+in+Cairo%29+AND+PUBYEAR+%3E+2021+AND+SRCTYPE%28j%29
2023-01-03 21:57:31,331 - elsapy.elsclient - INFO - Sending GET request to https://api.elsevier.com/content/search/scopus?start=200&count=25&query=AFFIL%28American+University+in+Cairo%29+AND+PUBYEAR+%3E+2021+AND+SRCTYPE%28j%29
2023-01-03 21:57:34,460 - elsapy.elsclient - INFO - Sending GET request to https://api.elsevier.com/content/search/scopus?start=225&count=25&query=AFFIL%28American+University+in+Cairo%29+AND+PUBYEAR+%3E+2021+AND+SRCTYPE%28j%29
2023-01-03 21:57:36,993 - elsapy.elsclient - INFO - Sending GET request to https://api.elsevier.com/content/search/scopus?start=250&count=25&query=AFFIL%28American+University+in+Cairo%29+AND+PUBYEAR+%3E+2021+AND+SRCTYPE%28j%29
2023-01-03 21:57:39,290 - elsapy.elsclient - INFO - Sending GET request to https://api.elsevier.com/content/search/scopus?start=275&count=25&query=AFFIL%28American+University+in+Cairo%29+AND+PUBYEAR+%3E+2021+AND+SRCTYPE%28j%29
2023-01-03 21:57:41,941 - elsapy.elsclient - INFO - Sending GET request to https://api.elsevier.com/content/search/scopus?start=300&count=25&query=AFFIL%28American+University+in+Cairo%29+AND+PUBYEAR+%3E+2021+AND+SRCTYPE%28j%29
2023-01-03 21:57:44,147 - elsapy.elsclient - INFO - Sending GET request to https://api.elsevier.com/content/search/scopus?start=325&count=25&query=AFFIL%28American+University+in+Cairo%29+AND+PUBYEAR+%3E+2021+AND+SRCTYPE%28j%29
2023-01-03 21:57:46,442 - elsapy.elsclient - INFO - Sending GET request to https://api.elsevier.com/content/search/scopus?start=350&count=25&query=AFFIL%28American+University+in+Cairo%29+AND+PUBYEAR+%3E+2021+AND+SRCTYPE%28j%29
2023-01-03 21:57:49,017 - elsapy.elsclient - INFO - Sending GET request to https://api.elsevier.com/content/search/scopus?start=375&count=25&query=AFFIL%28American+University+in+Cairo%29+AND+PUBYEAR+%3E+2021+AND+SRCTYPE%28j%29
2023-01-03 21:57:51,594 - elsapy.elsclient - INFO - Sending GET request to https://api.elsevier.com/content/search/scopus?start=400&count=25&query=AFFIL%28American+University+in+Cairo%29+AND+PUBYEAR+%3E+2021+AND+SRCTYPE%28j%29
2023-01-03 21:57:53,816 - elsapy.elsclient - INFO - Sending GET request to https://api.elsevier.com/content/search/scopus?start=425&count=25&query=AFFIL%28American+University+in+Cairo%29+AND+PUBYEAR+%3E+2021+AND+SRCTYPE%28j%29
2023-01-03 21:57:55,986 - elsapy.elsclient - INFO - Sending GET request to https://api.elsevier.com/content/search/scopus?start=450&count=25&query=AFFIL%28American+University+in+Cairo%29+AND+PUBYEAR+%3E+2021+AND+SRCTYPE%28j%29
2023-01-03 21:57:58,364 - elsapy.elsclient - INFO - Sending GET request to https://api.elsevier.com/content/search/scopus?start=475&count=25&query=AFFIL%28American+University+in+Cairo%29+AND+PUBYEAR+%3E+2021+AND+SRCTYPE%28j%29
2023-01-03 21:58:01,752 - elsapy.utils - INFO - Converting prism:coverDate
2023-01-03 22:15:06,685 - elsapy.elsclient - INFO - Module loaded.
2023-01-03 22:15:06,944 - elsapy.elsentity - INFO - Module loaded.
2023-01-03 22:15:06,944 - elsapy.utils - INFO - Module loaded.
2023-01-03 22:15:06,944 - elsapy.elsprofile - INFO - Module loaded.
2023-01-03 22:15:06,945 - elsapy.elsdoc - INFO - Module loaded.
2023-01-03 22:15:06,945 - elsapy.elssearch - INFO - Module loaded.
2023-01-03 22:15:07,693 - elsapy.elsclient - INFO - Sending GET request to https://api.elsevier.com/content/search/scopus?query=AFFIL%28American+University+in+Cairo%29+OR+%28AFFIL%28School+of+Sciences+and+Engineering%29+AND+AFFILCITY%28New+Cairo%29%29+AND+PUBYEAR+%3E+2021+AND+SRCTYPE%28j%29
2023-01-03 22:15:18,090 - elsapy.elsclient - INFO - Module loaded.
2023-01-03 22:15:18,337 - elsapy.elsentity - INFO - Module loaded.
2023-01-03 22:15:18,338 - elsapy.utils - INFO - Module loaded.
2023-01-03 22:15:18,338 - elsapy.elsprofile - INFO - Module loaded.
2023-01-03 22:15:18,338 - elsapy.elsdoc - INFO - Module loaded.
2023-01-03 22:15:18,339 - elsapy.elssearch - INFO - Module loaded.
2023-01-03 22:15:19,104 - elsapy.elsclient - INFO - Sending GET request to https://api.elsevier.com/content/search/scopus?query=AFFIL%28American+University+in+Cairo%29+OR+%28AFFIL%28School+of+Sciences+and+Engineering%29+AND+AFFILCITY%28New+Cairo%29%29+AND+PUBYEAR+%3E+2021+AND+SRCTYPE%28j%29
2023-01-03 22:15:24,575 - elsapy.elsclient - INFO - Sending GET request to https://api.elsevier.com/content/search/scopus?start=25&count=25&query=AFFIL%28American+University+in+Cairo%29+OR+%28AFFIL%28School+of+Sciences+and+Engineering%29+AND+AFFILCITY%28New+Cairo%29%29+AND+PUBYEAR+%3E+2021+AND+SRCTYPE%28j%29
2023-01-03 22:15:33,635 - elsapy.elsclient - INFO - Sending GET request to https://api.elsevier.com/content/search/scopus?start=50&count=25&query=AFFIL%28American+University+in+Cairo%29+OR+%28AFFIL%28School+of+Sciences+and+Engineering%29+AND+AFFILCITY%28New+Cairo%29%29+AND+PUBYEAR+%3E+2021+AND+SRCTYPE%28j%29
2023-01-03 22:15:37,555 - elsapy.elsclient - INFO - Sending GET request to https://api.elsevier.com/content/search/scopus?start=75&count=25&query=AFFIL%28American+University+in+Cairo%29+OR+%28AFFIL%28School+of+Sciences+and+Engineering%29+AND+AFFILCITY%28New+Cairo%29%29+AND+PUBYEAR+%3E+2021+AND+SRCTYPE%28j%29
2023-01-03 22:15:40,712 - elsapy.elsclient - INFO - Sending GET request to https://api.elsevier.com/content/search/scopus?start=100&count=25&query=AFFIL%28American+University+in+Cairo%29+OR+%28AFFIL%28School+of+Sciences+and+Engineering%29+AND+AFFILCITY%28New+Cairo%29%29+AND+PUBYEAR+%3E+2021+AND+SRCTYPE%28j%29
2023-01-03 22:15:44,009 - elsapy.elsclient - INFO - Sending GET request to https://api.elsevier.com/content/search/scopus?start=125&count=25&query=AFFIL%28American+University+in+Cairo%29+OR+%28AFFIL%28School+of+Sciences+and+Engineering%29+AND+AFFILCITY%28New+Cairo%29%29+AND+PUBYEAR+%3E+2021+AND+SRCTYPE%28j%29
2023-01-03 22:15:47,648 - elsapy.elsclient - INFO - Sending GET request to https://api.elsevier.com/content/search/scopus?start=150&count=25&query=AFFIL%28American+University+in+Cairo%29+OR+%28AFFIL%28School+of+Sciences+and+Engineering%29+AND+AFFILCITY%28New+Cairo%29%29+AND+PUBYEAR+%3E+2021+AND+SRCTYPE%28j%29
2023-01-03 22:15:51,538 - elsapy.elsclient - INFO - Sending GET request to https://api.elsevier.com/content/search/scopus?start=175&count=25&query=AFFIL%28American+University+in+Cairo%29+OR+%28AFFIL%28School+of+Sciences+and+Engineering%29+AND+AFFILCITY%28New+Cairo%29%29+AND+PUBYEAR+%3E+2021+AND+SRCTYPE%28j%29
2023-01-03 22:15:55,537 - elsapy.elsclient - INFO - Sending GET request to https://api.elsevier.com/content/search/scopus?start=200&count=25&query=AFFIL%28American+University+in+Cairo%29+OR+%28AFFIL%28School+of+Sciences+and+Engineering%29+AND+AFFILCITY%28New+Cairo%29%29+AND+PUBYEAR+%3E+2021+AND+SRCTYPE%28j%29
2023-01-03 22:15:57,698 - elsapy.elsclient - INFO - Sending GET request to https://api.elsevier.com/content/search/scopus?start=225&count=25&query=AFFIL%28American+University+in+Cairo%29+OR+%28AFFIL%28School+of+Sciences+and+Engineering%29+AND+AFFILCITY%28New+Cairo%29%29+AND+PUBYEAR+%3E+2021+AND+SRCTYPE%28j%29
2023-01-03 22:16:00,390 - elsapy.elsclient - INFO - Sending GET request to https://api.elsevier.com/content/search/scopus?start=250&count=25&query=AFFIL%28American+University+in+Cairo%29+OR+%28AFFIL%28School+of+Sciences+and+Engineering%29+AND+AFFILCITY%28New+Cairo%29%29+AND+PUBYEAR+%3E+2021+AND+SRCTYPE%28j%29
2023-01-03 22:16:02,798 - elsapy.elsclient - INFO - Sending GET request to https://api.elsevier.com/content/search/scopus?start=275&count=25&query=AFFIL%28American+University+in+Cairo%29+OR+%28AFFIL%28School+of+Sciences+and+Engineering%29+AND+AFFILCITY%28New+Cairo%29%29+AND+PUBYEAR+%3E+2021+AND+SRCTYPE%28j%29
2023-01-03 22:16:05,551 - elsapy.elsclient - INFO - Sending GET request to https://api.elsevier.com/content/search/scopus?start=300&count=25&query=AFFIL%28American+University+in+Cairo%29+OR+%28AFFIL%28School+of+Sciences+and+Engineering%29+AND+AFFILCITY%28New+Cairo%29%29+AND+PUBYEAR+%3E+2021+AND+SRCTYPE%28j%29
2023-01-03 22:16:08,191 - elsapy.elsclient - INFO - Sending GET request to https://api.elsevier.com/content/search/scopus?start=325&count=25&query=AFFIL%28American+University+in+Cairo%29+OR+%28AFFIL%28School+of+Sciences+and+Engineering%29+AND+AFFILCITY%28New+Cairo%29%29+AND+PUBYEAR+%3E+2021+AND+SRCTYPE%28j%29
2023-01-03 22:16:11,761 - elsapy.elsclient - INFO - Sending GET request to https://api.elsevier.com/content/search/scopus?start=350&count=25&query=AFFIL%28American+University+in+Cairo%29+OR+%28AFFIL%28School+of+Sciences+and+Engineering%29+AND+AFFILCITY%28New+Cairo%29%29+AND+PUBYEAR+%3E+2021+AND+SRCTYPE%28j%29
2023-01-03 22:16:14,276 - elsapy.elsclient - INFO - Sending GET request to https://api.elsevier.com/content/search/scopus?start=375&count=25&query=AFFIL%28American+University+in+Cairo%29+OR+%28AFFIL%28School+of+Sciences+and+Engineering%29+AND+AFFILCITY%28New+Cairo%29%29+AND+PUBYEAR+%3E+2021+AND+SRCTYPE%28j%29
2023-01-03 22:16:16,543 - elsapy.elsclient - INFO - Sending GET request to https://api.elsevier.com/content/search/scopus?start=400&count=25&query=AFFIL%28American+University+in+Cairo%29+OR+%28AFFIL%28School+of+Sciences+and+Engineering%29+AND+AFFILCITY%28New+Cairo%29%29+AND+PUBYEAR+%3E+2021+AND+SRCTYPE%28j%29
2023-01-03 22:16:19,998 - elsapy.elsclient - INFO - Sending GET request to https://api.elsevier.com/content/search/scopus?start=425&count=25&query=AFFIL%28American+University+in+Cairo%29+OR+%28AFFIL%28School+of+Sciences+and+Engineering%29+AND+AFFILCITY%28New+Cairo%29%29+AND+PUBYEAR+%3E+2021+AND+SRCTYPE%28j%29
2023-01-03 22:16:22,159 - elsapy.elsclient - INFO - Sending GET request to https://api.elsevier.com/content/search/scopus?start=450&count=25&query=AFFIL%28American+University+in+Cairo%29+OR+%28AFFIL%28School+of+Sciences+and+Engineering%29+AND+AFFILCITY%28New+Cairo%29%29+AND+PUBYEAR+%3E+2021+AND+SRCTYPE%28j%29
2023-01-03 22:16:24,687 - elsapy.elsclient - INFO - Sending GET request to https://api.elsevier.com/content/search/scopus?start=475&count=25&query=AFFIL%28American+University+in+Cairo%29+OR+%28AFFIL%28School+of+Sciences+and+Engineering%29+AND+AFFILCITY%28New+Cairo%29%29+AND+PUBYEAR+%3E+2021+AND+SRCTYPE%28j%29
2023-01-03 22:16:27,749 - elsapy.elsclient - INFO - Sending GET request to https://api.elsevier.com/content/search/scopus?start=500&count=25&query=AFFIL%28American+University+in+Cairo%29+OR+%28AFFIL%28School+of+Sciences+and+Engineering%29+AND+AFFILCITY%28New+Cairo%29%29+AND+PUBYEAR+%3E+2021+AND+SRCTYPE%28j%29
2023-01-03 22:16:29,840 - elsapy.utils - INFO - Converting prism:coverDate
