2023-01-07 00:55:17,871 - elsapy.elsclient - INFO - Module loaded.
2023-01-07 00:55:17,898 - elsapy.elsentity - INFO - Module loaded.
2023-01-07 00:55:17,909 - elsapy.utils - INFO - Module loaded.
2023-01-07 00:55:17,909 - elsapy.elsprofile - INFO - Module loaded.
2023-01-07 00:55:17,923 - elsapy.elsdoc - INFO - Module loaded.
2023-01-07 00:55:17,937 - elsapy.elssearch - INFO - Module loaded.
2023-01-07 01:01:17,195 - elsapy.elsclient - INFO - Module loaded.
2023-01-07 01:01:17,196 - elsapy.elsentity - INFO - Module loaded.
2023-01-07 01:01:17,197 - elsapy.utils - INFO - Module loaded.
2023-01-07 01:01:17,198 - elsapy.elsprofile - INFO - Module loaded.
2023-01-07 01:01:17,199 - elsapy.elsdoc - INFO - Module loaded.
2023-01-07 01:01:17,199 - elsapy.elssearch - INFO - Module loaded.
2023-01-07 01:01:32,153 - elsapy.elsclient - INFO - Module loaded.
2023-01-07 01:01:32,155 - elsapy.elsentity - INFO - Module loaded.
2023-01-07 01:01:32,156 - elsapy.utils - INFO - Module loaded.
2023-01-07 01:01:32,157 - elsapy.elsprofile - INFO - Module loaded.
2023-01-07 01:01:32,158 - elsapy.elsdoc - INFO - Module loaded.
2023-01-07 01:01:32,159 - elsapy.elssearch - INFO - Module loaded.
2023-01-07 01:03:43,136 - elsapy.elsclient - INFO - Module loaded.
2023-01-07 01:03:43,140 - elsapy.elsentity - INFO - Module loaded.
2023-01-07 01:03:43,141 - elsapy.utils - INFO - Module loaded.
2023-01-07 01:03:43,142 - elsapy.elsprofile - INFO - Module loaded.
2023-01-07 01:03:43,144 - elsapy.elsdoc - INFO - Module loaded.
2023-01-07 01:03:43,145 - elsapy.elssearch - INFO - Module loaded.
2023-01-07 01:07:09,637 - elsapy.elsclient - INFO - Module loaded.
2023-01-07 01:07:09,638 - elsapy.elsentity - INFO - Module loaded.
2023-01-07 01:07:09,639 - elsapy.utils - INFO - Module loaded.
2023-01-07 01:07:09,639 - elsapy.elsprofile - INFO - Module loaded.
2023-01-07 01:07:09,639 - elsapy.elsdoc - INFO - Module loaded.
2023-01-07 01:07:09,640 - elsapy.elssearch - INFO - Module loaded.
2023-01-07 01:08:54,494 - elsapy.elsclient - INFO - Module loaded.
2023-01-07 01:08:54,495 - elsapy.elsentity - INFO - Module loaded.
2023-01-07 01:08:54,496 - elsapy.utils - INFO - Module loaded.
2023-01-07 01:08:54,497 - elsapy.elsprofile - INFO - Module loaded.
2023-01-07 01:08:54,498 - elsapy.elsdoc - INFO - Module loaded.
2023-01-07 01:08:54,499 - elsapy.elssearch - INFO - Module loaded.
2023-01-07 01:20:13,817 - elsapy.elsclient - INFO - Module loaded.
2023-01-07 01:20:13,818 - elsapy.elsentity - INFO - Module loaded.
2023-01-07 01:20:13,819 - elsapy.utils - INFO - Module loaded.
2023-01-07 01:20:13,820 - elsapy.elsprofile - INFO - Module loaded.
2023-01-07 01:20:13,821 - elsapy.elsdoc - INFO - Module loaded.
2023-01-07 01:20:13,822 - elsapy.elssearch - INFO - Module loaded.
2023-01-07 01:20:29,468 - elsapy.elsclient - INFO - Module loaded.
2023-01-07 01:20:29,469 - elsapy.elsentity - INFO - Module loaded.
2023-01-07 01:20:29,470 - elsapy.utils - INFO - Module loaded.
2023-01-07 01:20:29,471 - elsapy.elsprofile - INFO - Module loaded.
2023-01-07 01:20:29,472 - elsapy.elsdoc - INFO - Module loaded.
2023-01-07 01:20:29,473 - elsapy.elssearch - INFO - Module loaded.
2023-01-07 01:21:35,427 - elsapy.elsclient - INFO - Module loaded.
2023-01-07 01:21:35,428 - elsapy.elsentity - INFO - Module loaded.
2023-01-07 01:21:35,428 - elsapy.utils - INFO - Module loaded.
2023-01-07 01:21:35,429 - elsapy.elsprofile - INFO - Module loaded.
2023-01-07 01:21:35,430 - elsapy.elsdoc - INFO - Module loaded.
2023-01-07 01:21:35,430 - elsapy.elssearch - INFO - Module loaded.
2023-01-07 01:24:29,247 - elsapy.elsclient - INFO - Module loaded.
2023-01-07 01:24:29,249 - elsapy.elsentity - INFO - Module loaded.
2023-01-07 01:24:29,251 - elsapy.utils - INFO - Module loaded.
2023-01-07 01:24:29,251 - elsapy.elsprofile - INFO - Module loaded.
2023-01-07 01:24:29,253 - elsapy.elsdoc - INFO - Module loaded.
2023-01-07 01:24:29,255 - elsapy.elssearch - INFO - Module loaded.
2023-01-07 21:08:22,269 - elsapy.elsclient - INFO - Module loaded.
2023-01-07 21:08:22,282 - elsapy.elsentity - INFO - Module loaded.
2023-01-07 21:08:22,289 - elsapy.utils - INFO - Module loaded.
2023-01-07 21:08:22,289 - elsapy.elsprofile - INFO - Module loaded.
2023-01-07 21:08:22,295 - elsapy.elsdoc - INFO - Module loaded.
2023-01-07 21:08:22,303 - elsapy.elssearch - INFO - Module loaded.
2023-01-07 21:08:52,404 - elsapy.elsclient - INFO - Module loaded.
2023-01-07 21:08:52,405 - elsapy.elsentity - INFO - Module loaded.
2023-01-07 21:08:52,407 - elsapy.utils - INFO - Module loaded.
2023-01-07 21:08:52,407 - elsapy.elsprofile - INFO - Module loaded.
2023-01-07 21:08:52,407 - elsapy.elsdoc - INFO - Module loaded.
2023-01-07 21:08:52,408 - elsapy.elssearch - INFO - Module loaded.
2023-01-07 21:16:04,203 - elsapy.elsclient - INFO - Module loaded.
2023-01-07 21:16:04,204 - elsapy.elsentity - INFO - Module loaded.
2023-01-07 21:16:04,204 - elsapy.utils - INFO - Module loaded.
2023-01-07 21:16:04,205 - elsapy.elsprofile - INFO - Module loaded.
2023-01-07 21:16:04,206 - elsapy.elsdoc - INFO - Module loaded.
2023-01-07 21:16:04,206 - elsapy.elssearch - INFO - Module loaded.
2023-01-07 21:19:14,848 - elsapy.elsclient - INFO - Module loaded.
2023-01-07 21:19:14,850 - elsapy.elsentity - INFO - Module loaded.
2023-01-07 21:19:14,850 - elsapy.utils - INFO - Module loaded.
2023-01-07 21:19:14,850 - elsapy.elsprofile - INFO - Module loaded.
2023-01-07 21:19:14,851 - elsapy.elsdoc - INFO - Module loaded.
2023-01-07 21:19:14,852 - elsapy.elssearch - INFO - Module loaded.
2023-01-07 21:24:36,258 - elsapy.elsclient - INFO - Module loaded.
2023-01-07 21:24:36,259 - elsapy.elsentity - INFO - Module loaded.
2023-01-07 21:24:36,259 - elsapy.utils - INFO - Module loaded.
2023-01-07 21:24:36,260 - elsapy.elsprofile - INFO - Module loaded.
2023-01-07 21:24:36,260 - elsapy.elsdoc - INFO - Module loaded.
2023-01-07 21:24:36,261 - elsapy.elssearch - INFO - Module loaded.
2023-01-07 21:25:51,574 - elsapy.elsclient - INFO - Module loaded.
2023-01-07 21:25:51,575 - elsapy.elsentity - INFO - Module loaded.
2023-01-07 21:25:51,576 - elsapy.utils - INFO - Module loaded.
2023-01-07 21:25:51,576 - elsapy.elsprofile - INFO - Module loaded.
2023-01-07 21:25:51,576 - elsapy.elsdoc - INFO - Module loaded.
2023-01-07 21:25:51,577 - elsapy.elssearch - INFO - Module loaded.
