2023-01-06 00:49:39,009 - elsapy.elsclient - INFO - Module loaded.
2023-01-06 00:49:39,010 - elsapy.elsentity - INFO - Module loaded.
2023-01-06 00:49:39,011 - elsapy.utils - INFO - Module loaded.
2023-01-06 00:49:39,011 - elsapy.elsprofile - INFO - Module loaded.
2023-01-06 00:49:39,012 - elsapy.elsdoc - INFO - Module loaded.
2023-01-06 00:49:39,012 - elsapy.elssearch - INFO - Module loaded.
2023-01-06 00:54:36,207 - elsapy.elsclient - INFO - Module loaded.
2023-01-06 00:54:36,208 - elsapy.elsentity - INFO - Module loaded.
2023-01-06 00:54:36,208 - elsapy.utils - INFO - Module loaded.
2023-01-06 00:54:36,209 - elsapy.elsprofile - INFO - Module loaded.
2023-01-06 00:54:36,210 - elsapy.elsdoc - INFO - Module loaded.
2023-01-06 00:54:36,210 - elsapy.elssearch - INFO - Module loaded.
2023-01-06 00:55:18,967 - elsapy.elsclient - INFO - Module loaded.
2023-01-06 00:55:18,967 - elsapy.elsentity - INFO - Module loaded.
2023-01-06 00:55:18,968 - elsapy.utils - INFO - Module loaded.
2023-01-06 00:55:18,968 - elsapy.elsprofile - INFO - Module loaded.
2023-01-06 00:55:18,968 - elsapy.elsdoc - INFO - Module loaded.
2023-01-06 00:55:18,969 - elsapy.elssearch - INFO - Module loaded.
2023-01-06 01:18:12,290 - elsapy.elsclient - INFO - Module loaded.
2023-01-06 01:18:12,293 - elsapy.elsentity - INFO - Module loaded.
2023-01-06 01:18:12,293 - elsapy.utils - INFO - Module loaded.
2023-01-06 01:18:12,293 - elsapy.elsprofile - INFO - Module loaded.
2023-01-06 01:18:12,296 - elsapy.elsdoc - INFO - Module loaded.
2023-01-06 01:18:12,296 - elsapy.elssearch - INFO - Module loaded.
2023-01-06 01:18:57,128 - elsapy.elsclient - INFO - Module loaded.
2023-01-06 01:18:57,128 - elsapy.elsentity - INFO - Module loaded.
2023-01-06 01:18:57,129 - elsapy.utils - INFO - Module loaded.
2023-01-06 01:18:57,129 - elsapy.elsprofile - INFO - Module loaded.
2023-01-06 01:18:57,129 - elsapy.elsdoc - INFO - Module loaded.
2023-01-06 01:18:57,130 - elsapy.elssearch - INFO - Module loaded.
2023-01-06 02:25:26,729 - elsapy.elsclient - INFO - Module loaded.
2023-01-06 02:25:26,731 - elsapy.elsentity - INFO - Module loaded.
2023-01-06 02:25:26,732 - elsapy.utils - INFO - Module loaded.
2023-01-06 02:25:26,732 - elsapy.elsprofile - INFO - Module loaded.
2023-01-06 02:25:26,732 - elsapy.elsdoc - INFO - Module loaded.
2023-01-06 02:25:26,733 - elsapy.elssearch - INFO - Module loaded.
2023-01-06 02:27:56,246 - elsapy.elsclient - INFO - Module loaded.
2023-01-06 02:27:56,247 - elsapy.elsentity - INFO - Module loaded.
2023-01-06 02:27:56,247 - elsapy.utils - INFO - Module loaded.
2023-01-06 02:27:56,247 - elsapy.elsprofile - INFO - Module loaded.
2023-01-06 02:27:56,248 - elsapy.elsdoc - INFO - Module loaded.
2023-01-06 02:27:56,248 - elsapy.elssearch - INFO - Module loaded.
2023-01-06 02:32:35,972 - elsapy.elsclient - INFO - Module loaded.
2023-01-06 02:32:35,973 - elsapy.elsentity - INFO - Module loaded.
2023-01-06 02:32:35,974 - elsapy.utils - INFO - Module loaded.
2023-01-06 02:32:35,974 - elsapy.elsprofile - INFO - Module loaded.
2023-01-06 02:32:35,974 - elsapy.elsdoc - INFO - Module loaded.
2023-01-06 02:32:35,975 - elsapy.elssearch - INFO - Module loaded.
2023-01-06 02:33:33,881 - elsapy.elsclient - INFO - Module loaded.
2023-01-06 02:33:33,882 - elsapy.elsentity - INFO - Module loaded.
2023-01-06 02:33:33,883 - elsapy.utils - INFO - Module loaded.
2023-01-06 02:33:33,883 - elsapy.elsprofile - INFO - Module loaded.
2023-01-06 02:33:33,883 - elsapy.elsdoc - INFO - Module loaded.
2023-01-06 02:33:33,884 - elsapy.elssearch - INFO - Module loaded.
2023-01-06 02:40:24,275 - elsapy.elsclient - INFO - Module loaded.
2023-01-06 02:40:24,276 - elsapy.elsentity - INFO - Module loaded.
2023-01-06 02:40:24,276 - elsapy.utils - INFO - Module loaded.
2023-01-06 02:40:24,276 - elsapy.elsprofile - INFO - Module loaded.
2023-01-06 02:40:24,276 - elsapy.elsdoc - INFO - Module loaded.
2023-01-06 02:40:24,278 - elsapy.elssearch - INFO - Module loaded.
2023-01-06 02:41:02,228 - elsapy.elsclient - INFO - Module loaded.
2023-01-06 02:41:02,229 - elsapy.elsentity - INFO - Module loaded.
2023-01-06 02:41:02,230 - elsapy.utils - INFO - Module loaded.
2023-01-06 02:41:02,230 - elsapy.elsprofile - INFO - Module loaded.
2023-01-06 02:41:02,230 - elsapy.elsdoc - INFO - Module loaded.
2023-01-06 02:41:02,231 - elsapy.elssearch - INFO - Module loaded.
2023-01-06 02:43:28,447 - elsapy.elsclient - INFO - Module loaded.
2023-01-06 02:43:28,447 - elsapy.elsentity - INFO - Module loaded.
2023-01-06 02:43:28,448 - elsapy.utils - INFO - Module loaded.
2023-01-06 02:43:28,448 - elsapy.elsprofile - INFO - Module loaded.
2023-01-06 02:43:28,449 - elsapy.elsdoc - INFO - Module loaded.
2023-01-06 02:43:28,449 - elsapy.elssearch - INFO - Module loaded.
2023-01-06 02:45:38,376 - elsapy.elsclient - INFO - Module loaded.
2023-01-06 02:45:38,377 - elsapy.elsentity - INFO - Module loaded.
2023-01-06 02:45:38,377 - elsapy.utils - INFO - Module loaded.
2023-01-06 02:45:38,377 - elsapy.elsprofile - INFO - Module loaded.
2023-01-06 02:45:38,378 - elsapy.elsdoc - INFO - Module loaded.
2023-01-06 02:45:38,378 - elsapy.elssearch - INFO - Module loaded.
