2023-01-18 14:53:30,818 - elsapy.elsclient - INFO - Module loaded.
2023-01-18 14:53:33,591 - elsapy.elsentity - INFO - Module loaded.
2023-01-18 14:53:33,595 - elsapy.utils - INFO - Module loaded.
2023-01-18 14:53:33,595 - elsapy.elsprofile - INFO - Module loaded.
2023-01-18 14:53:33,601 - elsapy.elsdoc - INFO - Module loaded.
2023-01-18 14:53:33,605 - elsapy.elssearch - INFO - Module loaded.
2023-01-18 14:57:10,359 - elsapy.elsclient - INFO - Module loaded.
2023-01-18 14:57:10,580 - elsapy.elsentity - INFO - Module loaded.
2023-01-18 14:57:10,580 - elsapy.utils - INFO - Module loaded.
2023-01-18 14:57:10,582 - elsapy.elsprofile - INFO - Module loaded.
2023-01-18 14:57:10,584 - elsapy.elsdoc - INFO - Module loaded.
2023-01-18 14:57:10,584 - elsapy.elssearch - INFO - Module loaded.
2023-01-18 15:03:18,476 - elsapy.elsclient - INFO - Module loaded.
2023-01-18 15:03:18,672 - elsapy.elsentity - INFO - Module loaded.
2023-01-18 15:03:18,673 - elsapy.utils - INFO - Module loaded.
2023-01-18 15:03:18,673 - elsapy.elsprofile - INFO - Module loaded.
2023-01-18 15:03:18,674 - elsapy.elsdoc - INFO - Module loaded.
2023-01-18 15:03:18,674 - elsapy.elssearch - INFO - Module loaded.
2023-01-18 15:03:37,661 - elsapy.elsclient - INFO - Module loaded.
2023-01-18 15:03:37,873 - elsapy.elsentity - INFO - Module loaded.
2023-01-18 15:03:37,873 - elsapy.utils - INFO - Module loaded.
2023-01-18 15:03:37,873 - elsapy.elsprofile - INFO - Module loaded.
2023-01-18 15:03:37,874 - elsapy.elsdoc - INFO - Module loaded.
2023-01-18 15:03:37,874 - elsapy.elssearch - INFO - Module loaded.
2023-01-18 16:14:47,255 - elsapy.elsclient - INFO - Module loaded.
2023-01-18 16:14:47,481 - elsapy.elsentity - INFO - Module loaded.
2023-01-18 16:14:47,482 - elsapy.utils - INFO - Module loaded.
2023-01-18 16:14:47,482 - elsapy.elsprofile - INFO - Module loaded.
2023-01-18 16:14:47,482 - elsapy.elsdoc - INFO - Module loaded.
2023-01-18 16:14:47,483 - elsapy.elssearch - INFO - Module loaded.
2023-01-18 16:15:11,294 - elsapy.elsclient - INFO - Module loaded.
2023-01-18 16:15:11,500 - elsapy.elsentity - INFO - Module loaded.
2023-01-18 16:15:11,501 - elsapy.utils - INFO - Module loaded.
2023-01-18 16:15:11,501 - elsapy.elsprofile - INFO - Module loaded.
2023-01-18 16:15:11,501 - elsapy.elsdoc - INFO - Module loaded.
2023-01-18 16:15:11,502 - elsapy.elssearch - INFO - Module loaded.
2023-01-18 16:15:34,398 - elsapy.elsclient - INFO - Module loaded.
2023-01-18 16:15:34,620 - elsapy.elsentity - INFO - Module loaded.
2023-01-18 16:15:34,620 - elsapy.utils - INFO - Module loaded.
2023-01-18 16:15:34,620 - elsapy.elsprofile - INFO - Module loaded.
2023-01-18 16:15:34,621 - elsapy.elsdoc - INFO - Module loaded.
2023-01-18 16:15:34,621 - elsapy.elssearch - INFO - Module loaded.
2023-01-18 18:18:27,455 - elsapy.elsclient - INFO - Module loaded.
2023-01-18 18:18:30,901 - elsapy.elsentity - INFO - Module loaded.
2023-01-18 18:18:30,909 - elsapy.utils - INFO - Module loaded.
2023-01-18 18:18:30,910 - elsapy.elsprofile - INFO - Module loaded.
2023-01-18 18:18:30,919 - elsapy.elsdoc - INFO - Module loaded.
2023-01-18 18:18:30,930 - elsapy.elssearch - INFO - Module loaded.
2023-01-18 18:19:08,932 - elsapy.elsclient - INFO - Module loaded.
2023-01-18 18:19:09,120 - elsapy.elsentity - INFO - Module loaded.
2023-01-18 18:19:09,120 - elsapy.utils - INFO - Module loaded.
2023-01-18 18:19:09,120 - elsapy.elsprofile - INFO - Module loaded.
2023-01-18 18:19:09,121 - elsapy.elsdoc - INFO - Module loaded.
2023-01-18 18:19:09,121 - elsapy.elssearch - INFO - Module loaded.
2023-01-18 18:31:43,196 - elsapy.elsclient - INFO - Module loaded.
2023-01-18 18:31:43,394 - elsapy.elsentity - INFO - Module loaded.
2023-01-18 18:31:43,395 - elsapy.utils - INFO - Module loaded.
2023-01-18 18:31:43,395 - elsapy.elsprofile - INFO - Module loaded.
2023-01-18 18:31:43,395 - elsapy.elsdoc - INFO - Module loaded.
2023-01-18 18:31:43,396 - elsapy.elssearch - INFO - Module loaded.
2023-01-18 18:48:01,444 - elsapy.elsclient - INFO - Module loaded.
2023-01-18 18:48:01,668 - elsapy.elsentity - INFO - Module loaded.
2023-01-18 18:48:01,669 - elsapy.utils - INFO - Module loaded.
2023-01-18 18:48:01,669 - elsapy.elsprofile - INFO - Module loaded.
2023-01-18 18:48:01,669 - elsapy.elsdoc - INFO - Module loaded.
2023-01-18 18:48:01,670 - elsapy.elssearch - INFO - Module loaded.
2023-01-18 18:48:37,039 - elsapy.elsclient - INFO - Module loaded.
2023-01-18 18:48:37,247 - elsapy.elsentity - INFO - Module loaded.
2023-01-18 18:48:37,247 - elsapy.utils - INFO - Module loaded.
2023-01-18 18:48:37,248 - elsapy.elsprofile - INFO - Module loaded.
2023-01-18 18:48:37,248 - elsapy.elsdoc - INFO - Module loaded.
2023-01-18 18:48:37,249 - elsapy.elssearch - INFO - Module loaded.
2023-01-18 19:00:43,425 - elsapy.elsclient - INFO - Module loaded.
2023-01-18 19:00:43,870 - elsapy.elsentity - INFO - Module loaded.
2023-01-18 19:00:43,870 - elsapy.utils - INFO - Module loaded.
2023-01-18 19:00:43,871 - elsapy.elsprofile - INFO - Module loaded.
2023-01-18 19:00:43,871 - elsapy.elsdoc - INFO - Module loaded.
2023-01-18 19:00:43,872 - elsapy.elssearch - INFO - Module loaded.
2023-01-18 19:03:06,348 - elsapy.elsclient - INFO - Module loaded.
2023-01-18 19:03:06,553 - elsapy.elsentity - INFO - Module loaded.
2023-01-18 19:03:06,554 - elsapy.utils - INFO - Module loaded.
2023-01-18 19:03:06,554 - elsapy.elsprofile - INFO - Module loaded.
2023-01-18 19:03:06,554 - elsapy.elsdoc - INFO - Module loaded.
2023-01-18 19:03:06,555 - elsapy.elssearch - INFO - Module loaded.
2023-01-18 19:03:46,233 - elsapy.elsclient - INFO - Module loaded.
2023-01-18 19:03:46,434 - elsapy.elsentity - INFO - Module loaded.
2023-01-18 19:03:46,434 - elsapy.utils - INFO - Module loaded.
2023-01-18 19:03:46,435 - elsapy.elsprofile - INFO - Module loaded.
2023-01-18 19:03:46,435 - elsapy.elsdoc - INFO - Module loaded.
2023-01-18 19:03:46,435 - elsapy.elssearch - INFO - Module loaded.
2023-01-18 19:04:25,988 - elsapy.elsclient - INFO - Module loaded.
2023-01-18 19:04:26,181 - elsapy.elsentity - INFO - Module loaded.
2023-01-18 19:04:26,182 - elsapy.utils - INFO - Module loaded.
2023-01-18 19:04:26,182 - elsapy.elsprofile - INFO - Module loaded.
2023-01-18 19:04:26,182 - elsapy.elsdoc - INFO - Module loaded.
2023-01-18 19:04:26,183 - elsapy.elssearch - INFO - Module loaded.
2023-01-18 19:05:25,875 - elsapy.elsclient - INFO - Module loaded.
2023-01-18 19:05:26,066 - elsapy.elsentity - INFO - Module loaded.
2023-01-18 19:05:26,066 - elsapy.utils - INFO - Module loaded.
2023-01-18 19:05:26,066 - elsapy.elsprofile - INFO - Module loaded.
2023-01-18 19:05:26,067 - elsapy.elsdoc - INFO - Module loaded.
2023-01-18 19:05:26,067 - elsapy.elssearch - INFO - Module loaded.
2023-01-18 19:06:58,791 - elsapy.elsclient - INFO - Module loaded.
2023-01-18 19:06:58,981 - elsapy.elsentity - INFO - Module loaded.
2023-01-18 19:06:58,981 - elsapy.utils - INFO - Module loaded.
2023-01-18 19:06:58,981 - elsapy.elsprofile - INFO - Module loaded.
2023-01-18 19:06:58,982 - elsapy.elsdoc - INFO - Module loaded.
2023-01-18 19:06:58,982 - elsapy.elssearch - INFO - Module loaded.
2023-01-18 19:08:07,473 - elsapy.elsclient - INFO - Module loaded.
2023-01-18 19:08:07,667 - elsapy.elsentity - INFO - Module loaded.
2023-01-18 19:08:07,667 - elsapy.utils - INFO - Module loaded.
2023-01-18 19:08:07,668 - elsapy.elsprofile - INFO - Module loaded.
2023-01-18 19:08:07,668 - elsapy.elsdoc - INFO - Module loaded.
2023-01-18 19:08:07,668 - elsapy.elssearch - INFO - Module loaded.
2023-01-18 19:09:08,135 - elsapy.elsclient - INFO - Module loaded.
2023-01-18 19:09:08,340 - elsapy.elsentity - INFO - Module loaded.
2023-01-18 19:09:08,341 - elsapy.utils - INFO - Module loaded.
2023-01-18 19:09:08,341 - elsapy.elsprofile - INFO - Module loaded.
2023-01-18 19:09:08,342 - elsapy.elsdoc - INFO - Module loaded.
2023-01-18 19:09:08,343 - elsapy.elssearch - INFO - Module loaded.
2023-01-18 19:09:39,920 - elsapy.elsclient - INFO - Module loaded.
2023-01-18 19:09:40,132 - elsapy.elsentity - INFO - Module loaded.
2023-01-18 19:09:40,133 - elsapy.utils - INFO - Module loaded.
2023-01-18 19:09:40,133 - elsapy.elsprofile - INFO - Module loaded.
2023-01-18 19:09:40,133 - elsapy.elsdoc - INFO - Module loaded.
2023-01-18 19:09:40,134 - elsapy.elssearch - INFO - Module loaded.
2023-01-18 19:11:01,719 - elsapy.elsclient - INFO - Module loaded.
2023-01-18 19:11:01,939 - elsapy.elsentity - INFO - Module loaded.
2023-01-18 19:11:01,940 - elsapy.utils - INFO - Module loaded.
2023-01-18 19:11:01,940 - elsapy.elsprofile - INFO - Module loaded.
2023-01-18 19:11:01,941 - elsapy.elsdoc - INFO - Module loaded.
2023-01-18 19:11:01,941 - elsapy.elssearch - INFO - Module loaded.
2023-01-18 19:14:01,196 - elsapy.elsclient - INFO - Module loaded.
2023-01-18 19:14:01,410 - elsapy.elsentity - INFO - Module loaded.
2023-01-18 19:14:01,411 - elsapy.utils - INFO - Module loaded.
2023-01-18 19:14:01,411 - elsapy.elsprofile - INFO - Module loaded.
2023-01-18 19:14:01,412 - elsapy.elsdoc - INFO - Module loaded.
2023-01-18 19:14:01,412 - elsapy.elssearch - INFO - Module loaded.
2023-01-18 19:37:59,525 - elsapy.elsclient - INFO - Module loaded.
2023-01-18 19:37:59,729 - elsapy.elsentity - INFO - Module loaded.
2023-01-18 19:37:59,730 - elsapy.utils - INFO - Module loaded.
2023-01-18 19:37:59,730 - elsapy.elsprofile - INFO - Module loaded.
2023-01-18 19:37:59,731 - elsapy.elsdoc - INFO - Module loaded.
2023-01-18 19:37:59,731 - elsapy.elssearch - INFO - Module loaded.
2023-01-18 19:38:29,247 - elsapy.elsclient - INFO - Module loaded.
2023-01-18 19:38:29,437 - elsapy.elsentity - INFO - Module loaded.
2023-01-18 19:38:29,437 - elsapy.utils - INFO - Module loaded.
2023-01-18 19:38:29,437 - elsapy.elsprofile - INFO - Module loaded.
2023-01-18 19:38:29,438 - elsapy.elsdoc - INFO - Module loaded.
2023-01-18 19:38:29,438 - elsapy.elssearch - INFO - Module loaded.
2023-01-18 19:39:50,340 - elsapy.elsclient - INFO - Module loaded.
2023-01-18 19:39:50,530 - elsapy.elsentity - INFO - Module loaded.
2023-01-18 19:39:50,530 - elsapy.utils - INFO - Module loaded.
2023-01-18 19:39:50,531 - elsapy.elsprofile - INFO - Module loaded.
2023-01-18 19:39:50,531 - elsapy.elsdoc - INFO - Module loaded.
2023-01-18 19:39:50,532 - elsapy.elssearch - INFO - Module loaded.
2023-01-18 19:40:33,091 - elsapy.elsclient - INFO - Module loaded.
2023-01-18 19:40:33,286 - elsapy.elsentity - INFO - Module loaded.
2023-01-18 19:40:33,287 - elsapy.utils - INFO - Module loaded.
2023-01-18 19:40:33,287 - elsapy.elsprofile - INFO - Module loaded.
2023-01-18 19:40:33,287 - elsapy.elsdoc - INFO - Module loaded.
2023-01-18 19:40:33,288 - elsapy.elssearch - INFO - Module loaded.
2023-01-18 19:42:04,425 - elsapy.elsclient - INFO - Module loaded.
2023-01-18 19:42:04,618 - elsapy.elsentity - INFO - Module loaded.
2023-01-18 19:42:04,619 - elsapy.utils - INFO - Module loaded.
2023-01-18 19:42:04,619 - elsapy.elsprofile - INFO - Module loaded.
2023-01-18 19:42:04,619 - elsapy.elsdoc - INFO - Module loaded.
2023-01-18 19:42:04,620 - elsapy.elssearch - INFO - Module loaded.
2023-01-18 19:46:37,170 - elsapy.elsclient - INFO - Module loaded.
2023-01-18 19:46:37,375 - elsapy.elsentity - INFO - Module loaded.
2023-01-18 19:46:37,375 - elsapy.utils - INFO - Module loaded.
2023-01-18 19:46:37,375 - elsapy.elsprofile - INFO - Module loaded.
2023-01-18 19:46:37,376 - elsapy.elsdoc - INFO - Module loaded.
2023-01-18 19:46:37,376 - elsapy.elssearch - INFO - Module loaded.
2023-01-18 19:49:24,857 - elsapy.elsclient - INFO - Module loaded.
2023-01-18 19:49:25,048 - elsapy.elsentity - INFO - Module loaded.
2023-01-18 19:49:25,049 - elsapy.utils - INFO - Module loaded.
2023-01-18 19:49:25,049 - elsapy.elsprofile - INFO - Module loaded.
2023-01-18 19:49:25,049 - elsapy.elsdoc - INFO - Module loaded.
2023-01-18 19:49:25,050 - elsapy.elssearch - INFO - Module loaded.
2023-01-18 19:50:11,708 - elsapy.elsclient - INFO - Module loaded.
2023-01-18 19:50:11,903 - elsapy.elsentity - INFO - Module loaded.
2023-01-18 19:50:11,903 - elsapy.utils - INFO - Module loaded.
2023-01-18 19:50:11,904 - elsapy.elsprofile - INFO - Module loaded.
2023-01-18 19:50:11,904 - elsapy.elsdoc - INFO - Module loaded.
2023-01-18 19:50:11,905 - elsapy.elssearch - INFO - Module loaded.
2023-01-18 19:56:25,851 - elsapy.elsclient - INFO - Module loaded.
2023-01-18 19:56:26,043 - elsapy.elsentity - INFO - Module loaded.
2023-01-18 19:56:26,044 - elsapy.utils - INFO - Module loaded.
2023-01-18 19:56:26,044 - elsapy.elsprofile - INFO - Module loaded.
2023-01-18 19:56:26,045 - elsapy.elsdoc - INFO - Module loaded.
2023-01-18 19:56:26,045 - elsapy.elssearch - INFO - Module loaded.
2023-01-18 19:56:55,179 - elsapy.elsclient - INFO - Module loaded.
2023-01-18 19:56:55,373 - elsapy.elsentity - INFO - Module loaded.
2023-01-18 19:56:55,373 - elsapy.utils - INFO - Module loaded.
2023-01-18 19:56:55,373 - elsapy.elsprofile - INFO - Module loaded.
2023-01-18 19:56:55,374 - elsapy.elsdoc - INFO - Module loaded.
2023-01-18 19:56:55,374 - elsapy.elssearch - INFO - Module loaded.
2023-01-18 19:58:28,443 - elsapy.elsclient - INFO - Module loaded.
2023-01-18 19:58:28,677 - elsapy.elsentity - INFO - Module loaded.
2023-01-18 19:58:28,677 - elsapy.utils - INFO - Module loaded.
2023-01-18 19:58:28,677 - elsapy.elsprofile - INFO - Module loaded.
2023-01-18 19:58:28,678 - elsapy.elsdoc - INFO - Module loaded.
2023-01-18 19:58:28,679 - elsapy.elssearch - INFO - Module loaded.
2023-01-18 20:01:57,655 - elsapy.elsclient - INFO - Module loaded.
2023-01-18 20:01:57,880 - elsapy.elsentity - INFO - Module loaded.
2023-01-18 20:01:57,881 - elsapy.utils - INFO - Module loaded.
2023-01-18 20:01:57,881 - elsapy.elsprofile - INFO - Module loaded.
2023-01-18 20:01:57,881 - elsapy.elsdoc - INFO - Module loaded.
2023-01-18 20:01:57,882 - elsapy.elssearch - INFO - Module loaded.
2023-01-18 20:03:22,340 - elsapy.elsclient - INFO - Module loaded.
2023-01-18 20:03:22,542 - elsapy.elsentity - INFO - Module loaded.
2023-01-18 20:03:22,542 - elsapy.utils - INFO - Module loaded.
2023-01-18 20:03:22,543 - elsapy.elsprofile - INFO - Module loaded.
2023-01-18 20:03:22,543 - elsapy.elsdoc - INFO - Module loaded.
2023-01-18 20:03:22,543 - elsapy.elssearch - INFO - Module loaded.
2023-01-18 20:06:45,097 - elsapy.elsclient - INFO - Module loaded.
2023-01-18 20:06:45,290 - elsapy.elsentity - INFO - Module loaded.
2023-01-18 20:06:45,291 - elsapy.utils - INFO - Module loaded.
2023-01-18 20:06:45,291 - elsapy.elsprofile - INFO - Module loaded.
2023-01-18 20:06:45,292 - elsapy.elsdoc - INFO - Module loaded.
2023-01-18 20:06:45,292 - elsapy.elssearch - INFO - Module loaded.
2023-01-18 20:08:10,380 - elsapy.elsclient - INFO - Module loaded.
2023-01-18 20:08:10,583 - elsapy.elsentity - INFO - Module loaded.
2023-01-18 20:08:10,584 - elsapy.utils - INFO - Module loaded.
2023-01-18 20:08:10,584 - elsapy.elsprofile - INFO - Module loaded.
2023-01-18 20:08:10,585 - elsapy.elsdoc - INFO - Module loaded.
2023-01-18 20:08:10,585 - elsapy.elssearch - INFO - Module loaded.
2023-01-18 20:25:57,499 - elsapy.elsclient - INFO - Module loaded.
2023-01-18 20:25:57,709 - elsapy.elsentity - INFO - Module loaded.
2023-01-18 20:25:57,710 - elsapy.utils - INFO - Module loaded.
2023-01-18 20:25:57,710 - elsapy.elsprofile - INFO - Module loaded.
2023-01-18 20:25:57,710 - elsapy.elsdoc - INFO - Module loaded.
2023-01-18 20:25:57,711 - elsapy.elssearch - INFO - Module loaded.
2023-01-18 20:28:49,572 - elsapy.elsclient - INFO - Module loaded.
2023-01-18 20:28:49,760 - elsapy.elsentity - INFO - Module loaded.
2023-01-18 20:28:49,761 - elsapy.utils - INFO - Module loaded.
2023-01-18 20:28:49,761 - elsapy.elsprofile - INFO - Module loaded.
2023-01-18 20:28:49,761 - elsapy.elsdoc - INFO - Module loaded.
2023-01-18 20:28:49,762 - elsapy.elssearch - INFO - Module loaded.
2023-01-18 20:30:24,429 - elsapy.elsclient - INFO - Module loaded.
2023-01-18 20:30:24,647 - elsapy.elsentity - INFO - Module loaded.
2023-01-18 20:30:24,648 - elsapy.utils - INFO - Module loaded.
2023-01-18 20:30:24,648 - elsapy.elsprofile - INFO - Module loaded.
2023-01-18 20:30:24,648 - elsapy.elsdoc - INFO - Module loaded.
2023-01-18 20:30:24,649 - elsapy.elssearch - INFO - Module loaded.
2023-01-18 21:27:43,580 - elsapy.elsclient - INFO - Module loaded.
2023-01-18 21:27:43,839 - elsapy.elsentity - INFO - Module loaded.
2023-01-18 21:27:43,839 - elsapy.utils - INFO - Module loaded.
2023-01-18 21:27:43,839 - elsapy.elsprofile - INFO - Module loaded.
2023-01-18 21:27:43,840 - elsapy.elsdoc - INFO - Module loaded.
2023-01-18 21:27:43,841 - elsapy.elssearch - INFO - Module loaded.
2023-01-18 21:29:01,086 - elsapy.elsclient - INFO - Module loaded.
2023-01-18 21:29:01,361 - elsapy.elsentity - INFO - Module loaded.
2023-01-18 21:29:01,362 - elsapy.utils - INFO - Module loaded.
2023-01-18 21:29:01,362 - elsapy.elsprofile - INFO - Module loaded.
2023-01-18 21:29:01,363 - elsapy.elsdoc - INFO - Module loaded.
2023-01-18 21:29:01,364 - elsapy.elssearch - INFO - Module loaded.
