2023-01-04 01:33:10,442 - elsapy.elsclient - INFO - Module loaded.
2023-01-04 01:33:18,020 - elsapy.elsentity - INFO - Module loaded.
2023-01-04 01:33:18,032 - elsapy.utils - INFO - Module loaded.
2023-01-04 01:33:18,032 - elsapy.elsprofile - INFO - Module loaded.
2023-01-04 01:33:18,045 - elsapy.elsdoc - INFO - Module loaded.
2023-01-04 01:33:18,060 - elsapy.elssearch - INFO - Module loaded.
2023-01-04 01:33:18,070 - elsapy.elsclient - INFO - Sending GET request to https://api.elsevier.com/content/search/scopus?query=%28AFFIL%28American+University+in+Cairo%29+OR+AFFIL%28AFFILCITY%28New+Cairo%29+AFFILORG%28School+of+Sciences+and+Engineering%29%29%29++AND+PUBYEAR+%3E+2021+AND+SRCTYPE%28j%29
2023-01-04 01:33:22,213 - elsapy.elsclient - INFO - Sending GET request to https://api.elsevier.com/content/search/scopus?start=25&count=25&query=%28AFFIL%28American+University+in+Cairo%29+OR+AFFIL%28AFFILCITY%28New+Cairo%29+AFFILORG%28School+of+Sciences+and+Engineering%29%29%29++AND+PUBYEAR+%3E+2021+AND+SRCTYPE%28j%29
2023-01-04 01:33:25,435 - elsapy.elsclient - INFO - Sending GET request to https://api.elsevier.com/content/search/scopus?start=50&count=25&query=%28AFFIL%28American+University+in+Cairo%29+OR+AFFIL%28AFFILCITY%28New+Cairo%29+AFFILORG%28School+of+Sciences+and+Engineering%29%29%29++AND+PUBYEAR+%3E+2021+AND+SRCTYPE%28j%29
2023-01-04 01:33:28,252 - elsapy.elsclient - INFO - Sending GET request to https://api.elsevier.com/content/search/scopus?start=75&count=25&query=%28AFFIL%28American+University+in+Cairo%29+OR+AFFIL%28AFFILCITY%28New+Cairo%29+AFFILORG%28School+of+Sciences+and+Engineering%29%29%29++AND+PUBYEAR+%3E+2021+AND+SRCTYPE%28j%29
2023-01-04 01:33:31,453 - elsapy.elsclient - INFO - Sending GET request to https://api.elsevier.com/content/search/scopus?start=100&count=25&query=%28AFFIL%28American+University+in+Cairo%29+OR+AFFIL%28AFFILCITY%28New+Cairo%29+AFFILORG%28School+of+Sciences+and+Engineering%29%29%29++AND+PUBYEAR+%3E+2021+AND+SRCTYPE%28j%29
2023-01-04 01:33:34,392 - elsapy.elsclient - INFO - Sending GET request to https://api.elsevier.com/content/search/scopus?start=125&count=25&query=%28AFFIL%28American+University+in+Cairo%29+OR+AFFIL%28AFFILCITY%28New+Cairo%29+AFFILORG%28School+of+Sciences+and+Engineering%29%29%29++AND+PUBYEAR+%3E+2021+AND+SRCTYPE%28j%29
2023-01-04 01:33:37,257 - elsapy.elsclient - INFO - Sending GET request to https://api.elsevier.com/content/search/scopus?start=150&count=25&query=%28AFFIL%28American+University+in+Cairo%29+OR+AFFIL%28AFFILCITY%28New+Cairo%29+AFFILORG%28School+of+Sciences+and+Engineering%29%29%29++AND+PUBYEAR+%3E+2021+AND+SRCTYPE%28j%29
2023-01-04 01:33:39,708 - elsapy.elsclient - INFO - Sending GET request to https://api.elsevier.com/content/search/scopus?start=175&count=25&query=%28AFFIL%28American+University+in+Cairo%29+OR+AFFIL%28AFFILCITY%28New+Cairo%29+AFFILORG%28School+of+Sciences+and+Engineering%29%29%29++AND+PUBYEAR+%3E+2021+AND+SRCTYPE%28j%29
2023-01-04 01:33:42,180 - elsapy.elsclient - INFO - Sending GET request to https://api.elsevier.com/content/search/scopus?start=200&count=25&query=%28AFFIL%28American+University+in+Cairo%29+OR+AFFIL%28AFFILCITY%28New+Cairo%29+AFFILORG%28School+of+Sciences+and+Engineering%29%29%29++AND+PUBYEAR+%3E+2021+AND+SRCTYPE%28j%29
2023-01-04 01:33:45,456 - elsapy.elsclient - INFO - Sending GET request to https://api.elsevier.com/content/search/scopus?start=225&count=25&query=%28AFFIL%28American+University+in+Cairo%29+OR+AFFIL%28AFFILCITY%28New+Cairo%29+AFFILORG%28School+of+Sciences+and+Engineering%29%29%29++AND+PUBYEAR+%3E+2021+AND+SRCTYPE%28j%29
2023-01-04 01:33:48,992 - elsapy.elsclient - INFO - Sending GET request to https://api.elsevier.com/content/search/scopus?start=250&count=25&query=%28AFFIL%28American+University+in+Cairo%29+OR+AFFIL%28AFFILCITY%28New+Cairo%29+AFFILORG%28School+of+Sciences+and+Engineering%29%29%29++AND+PUBYEAR+%3E+2021+AND+SRCTYPE%28j%29
2023-01-04 01:33:51,606 - elsapy.elsclient - INFO - Sending GET request to https://api.elsevier.com/content/search/scopus?start=275&count=25&query=%28AFFIL%28American+University+in+Cairo%29+OR+AFFIL%28AFFILCITY%28New+Cairo%29+AFFILORG%28School+of+Sciences+and+Engineering%29%29%29++AND+PUBYEAR+%3E+2021+AND+SRCTYPE%28j%29
2023-01-04 01:33:54,467 - elsapy.elsclient - INFO - Sending GET request to https://api.elsevier.com/content/search/scopus?start=300&count=25&query=%28AFFIL%28American+University+in+Cairo%29+OR+AFFIL%28AFFILCITY%28New+Cairo%29+AFFILORG%28School+of+Sciences+and+Engineering%29%29%29++AND+PUBYEAR+%3E+2021+AND+SRCTYPE%28j%29
2023-01-04 01:33:56,718 - elsapy.elsclient - INFO - Sending GET request to https://api.elsevier.com/content/search/scopus?start=325&count=25&query=%28AFFIL%28American+University+in+Cairo%29+OR+AFFIL%28AFFILCITY%28New+Cairo%29+AFFILORG%28School+of+Sciences+and+Engineering%29%29%29++AND+PUBYEAR+%3E+2021+AND+SRCTYPE%28j%29
2023-01-04 01:33:58,959 - elsapy.elsclient - INFO - Sending GET request to https://api.elsevier.com/content/search/scopus?start=350&count=25&query=%28AFFIL%28American+University+in+Cairo%29+OR+AFFIL%28AFFILCITY%28New+Cairo%29+AFFILORG%28School+of+Sciences+and+Engineering%29%29%29++AND+PUBYEAR+%3E+2021+AND+SRCTYPE%28j%29
2023-01-04 01:34:01,724 - elsapy.elsclient - INFO - Sending GET request to https://api.elsevier.com/content/search/scopus?start=375&count=25&query=%28AFFIL%28American+University+in+Cairo%29+OR+AFFIL%28AFFILCITY%28New+Cairo%29+AFFILORG%28School+of+Sciences+and+Engineering%29%29%29++AND+PUBYEAR+%3E+2021+AND+SRCTYPE%28j%29
2023-01-04 01:34:04,093 - elsapy.elsclient - INFO - Sending GET request to https://api.elsevier.com/content/search/scopus?start=400&count=25&query=%28AFFIL%28American+University+in+Cairo%29+OR+AFFIL%28AFFILCITY%28New+Cairo%29+AFFILORG%28School+of+Sciences+and+Engineering%29%29%29++AND+PUBYEAR+%3E+2021+AND+SRCTYPE%28j%29
2023-01-04 01:34:06,341 - elsapy.elsclient - INFO - Sending GET request to https://api.elsevier.com/content/search/scopus?start=425&count=25&query=%28AFFIL%28American+University+in+Cairo%29+OR+AFFIL%28AFFILCITY%28New+Cairo%29+AFFILORG%28School+of+Sciences+and+Engineering%29%29%29++AND+PUBYEAR+%3E+2021+AND+SRCTYPE%28j%29
2023-01-04 01:34:08,601 - elsapy.elsclient - INFO - Sending GET request to https://api.elsevier.com/content/search/scopus?start=450&count=25&query=%28AFFIL%28American+University+in+Cairo%29+OR+AFFIL%28AFFILCITY%28New+Cairo%29+AFFILORG%28School+of+Sciences+and+Engineering%29%29%29++AND+PUBYEAR+%3E+2021+AND+SRCTYPE%28j%29
2023-01-04 01:34:10,842 - elsapy.elsclient - INFO - Sending GET request to https://api.elsevier.com/content/search/scopus?start=475&count=25&query=%28AFFIL%28American+University+in+Cairo%29+OR+AFFIL%28AFFILCITY%28New+Cairo%29+AFFILORG%28School+of+Sciences+and+Engineering%29%29%29++AND+PUBYEAR+%3E+2021+AND+SRCTYPE%28j%29
2023-01-04 01:34:13,369 - elsapy.utils - INFO - Converting prism:coverDate
2023-01-04 01:40:06,137 - elsapy.elsclient - INFO - Module loaded.
2023-01-04 01:40:06,585 - elsapy.elsentity - INFO - Module loaded.
2023-01-04 01:40:06,586 - elsapy.utils - INFO - Module loaded.
2023-01-04 01:40:06,586 - elsapy.elsprofile - INFO - Module loaded.
2023-01-04 01:40:06,587 - elsapy.elsdoc - INFO - Module loaded.
2023-01-04 01:40:06,588 - elsapy.elssearch - INFO - Module loaded.
2023-01-04 01:40:07,143 - elsapy.elsclient - INFO - Sending GET request to https://api.elsevier.com/content/search/scopus?query=%28AFFIL%28%22American+University+in+Cairo%22%29+OR+AFFIL%28AFFILCITY%28%22New+Cairo%22%29+AFFILORG%28%22School+of+Sciences+and+Engineering%22%29%29%29++AND+PUBYEAR+%3E+2021+AND+SRCTYPE%28j%29
2023-01-04 01:40:09,865 - elsapy.elsclient - INFO - Sending GET request to https://api.elsevier.com/content/search/scopus?start=25&count=25&query=%28AFFIL%28%22American+University+in+Cairo%22%29+OR+AFFIL%28AFFILCITY%28%22New+Cairo%22%29+AFFILORG%28%22School+of+Sciences+and+Engineering%22%29%29%29++AND+PUBYEAR+%3E+2021+AND+SRCTYPE%28j%29
2023-01-04 01:40:12,108 - elsapy.elsclient - INFO - Sending GET request to https://api.elsevier.com/content/search/scopus?start=50&count=25&query=%28AFFIL%28%22American+University+in+Cairo%22%29+OR+AFFIL%28AFFILCITY%28%22New+Cairo%22%29+AFFILORG%28%22School+of+Sciences+and+Engineering%22%29%29%29++AND+PUBYEAR+%3E+2021+AND+SRCTYPE%28j%29
2023-01-04 01:40:14,364 - elsapy.elsclient - INFO - Sending GET request to https://api.elsevier.com/content/search/scopus?start=75&count=25&query=%28AFFIL%28%22American+University+in+Cairo%22%29+OR+AFFIL%28AFFILCITY%28%22New+Cairo%22%29+AFFILORG%28%22School+of+Sciences+and+Engineering%22%29%29%29++AND+PUBYEAR+%3E+2021+AND+SRCTYPE%28j%29
2023-01-04 01:40:17,021 - elsapy.elsclient - INFO - Sending GET request to https://api.elsevier.com/content/search/scopus?start=100&count=25&query=%28AFFIL%28%22American+University+in+Cairo%22%29+OR+AFFIL%28AFFILCITY%28%22New+Cairo%22%29+AFFILORG%28%22School+of+Sciences+and+Engineering%22%29%29%29++AND+PUBYEAR+%3E+2021+AND+SRCTYPE%28j%29
2023-01-04 01:40:19,485 - elsapy.elsclient - INFO - Sending GET request to https://api.elsevier.com/content/search/scopus?start=125&count=25&query=%28AFFIL%28%22American+University+in+Cairo%22%29+OR+AFFIL%28AFFILCITY%28%22New+Cairo%22%29+AFFILORG%28%22School+of+Sciences+and+Engineering%22%29%29%29++AND+PUBYEAR+%3E+2021+AND+SRCTYPE%28j%29
2023-01-04 01:40:22,040 - elsapy.elsclient - INFO - Sending GET request to https://api.elsevier.com/content/search/scopus?start=150&count=25&query=%28AFFIL%28%22American+University+in+Cairo%22%29+OR+AFFIL%28AFFILCITY%28%22New+Cairo%22%29+AFFILORG%28%22School+of+Sciences+and+Engineering%22%29%29%29++AND+PUBYEAR+%3E+2021+AND+SRCTYPE%28j%29
2023-01-04 01:40:24,210 - elsapy.elsclient - INFO - Sending GET request to https://api.elsevier.com/content/search/scopus?start=175&count=25&query=%28AFFIL%28%22American+University+in+Cairo%22%29+OR+AFFIL%28AFFILCITY%28%22New+Cairo%22%29+AFFILORG%28%22School+of+Sciences+and+Engineering%22%29%29%29++AND+PUBYEAR+%3E+2021+AND+SRCTYPE%28j%29
2023-01-04 01:40:26,445 - elsapy.elsclient - INFO - Sending GET request to https://api.elsevier.com/content/search/scopus?start=200&count=25&query=%28AFFIL%28%22American+University+in+Cairo%22%29+OR+AFFIL%28AFFILCITY%28%22New+Cairo%22%29+AFFILORG%28%22School+of+Sciences+and+Engineering%22%29%29%29++AND+PUBYEAR+%3E+2021+AND+SRCTYPE%28j%29
2023-01-04 01:40:28,801 - elsapy.elsclient - INFO - Sending GET request to https://api.elsevier.com/content/search/scopus?start=225&count=25&query=%28AFFIL%28%22American+University+in+Cairo%22%29+OR+AFFIL%28AFFILCITY%28%22New+Cairo%22%29+AFFILORG%28%22School+of+Sciences+and+Engineering%22%29%29%29++AND+PUBYEAR+%3E+2021+AND+SRCTYPE%28j%29
2023-01-04 01:40:31,055 - elsapy.elsclient - INFO - Sending GET request to https://api.elsevier.com/content/search/scopus?start=250&count=25&query=%28AFFIL%28%22American+University+in+Cairo%22%29+OR+AFFIL%28AFFILCITY%28%22New+Cairo%22%29+AFFILORG%28%22School+of+Sciences+and+Engineering%22%29%29%29++AND+PUBYEAR+%3E+2021+AND+SRCTYPE%28j%29
2023-01-04 01:40:34,434 - elsapy.elsclient - INFO - Sending GET request to https://api.elsevier.com/content/search/scopus?start=275&count=25&query=%28AFFIL%28%22American+University+in+Cairo%22%29+OR+AFFIL%28AFFILCITY%28%22New+Cairo%22%29+AFFILORG%28%22School+of+Sciences+and+Engineering%22%29%29%29++AND+PUBYEAR+%3E+2021+AND+SRCTYPE%28j%29
2023-01-04 01:40:36,690 - elsapy.elsclient - INFO - Sending GET request to https://api.elsevier.com/content/search/scopus?start=300&count=25&query=%28AFFIL%28%22American+University+in+Cairo%22%29+OR+AFFIL%28AFFILCITY%28%22New+Cairo%22%29+AFFILORG%28%22School+of+Sciences+and+Engineering%22%29%29%29++AND+PUBYEAR+%3E+2021+AND+SRCTYPE%28j%29
2023-01-04 01:40:38,942 - elsapy.elsclient - INFO - Sending GET request to https://api.elsevier.com/content/search/scopus?start=325&count=25&query=%28AFFIL%28%22American+University+in+Cairo%22%29+OR+AFFIL%28AFFILCITY%28%22New+Cairo%22%29+AFFILORG%28%22School+of+Sciences+and+Engineering%22%29%29%29++AND+PUBYEAR+%3E+2021+AND+SRCTYPE%28j%29
2023-01-04 01:40:41,190 - elsapy.elsclient - INFO - Sending GET request to https://api.elsevier.com/content/search/scopus?start=350&count=25&query=%28AFFIL%28%22American+University+in+Cairo%22%29+OR+AFFIL%28AFFILCITY%28%22New+Cairo%22%29+AFFILORG%28%22School+of+Sciences+and+Engineering%22%29%29%29++AND+PUBYEAR+%3E+2021+AND+SRCTYPE%28j%29
2023-01-04 01:40:43,541 - elsapy.elsclient - INFO - Sending GET request to https://api.elsevier.com/content/search/scopus?start=375&count=25&query=%28AFFIL%28%22American+University+in+Cairo%22%29+OR+AFFIL%28AFFILCITY%28%22New+Cairo%22%29+AFFILORG%28%22School+of+Sciences+and+Engineering%22%29%29%29++AND+PUBYEAR+%3E+2021+AND+SRCTYPE%28j%29
2023-01-04 01:40:46,107 - elsapy.elsclient - INFO - Sending GET request to https://api.elsevier.com/content/search/scopus?start=400&count=25&query=%28AFFIL%28%22American+University+in+Cairo%22%29+OR+AFFIL%28AFFILCITY%28%22New+Cairo%22%29+AFFILORG%28%22School+of+Sciences+and+Engineering%22%29%29%29++AND+PUBYEAR+%3E+2021+AND+SRCTYPE%28j%29
2023-01-04 01:40:48,361 - elsapy.elsclient - INFO - Sending GET request to https://api.elsevier.com/content/search/scopus?start=425&count=25&query=%28AFFIL%28%22American+University+in+Cairo%22%29+OR+AFFIL%28AFFILCITY%28%22New+Cairo%22%29+AFFILORG%28%22School+of+Sciences+and+Engineering%22%29%29%29++AND+PUBYEAR+%3E+2021+AND+SRCTYPE%28j%29
2023-01-04 01:40:50,615 - elsapy.elsclient - INFO - Sending GET request to https://api.elsevier.com/content/search/scopus?start=450&count=25&query=%28AFFIL%28%22American+University+in+Cairo%22%29+OR+AFFIL%28AFFILCITY%28%22New+Cairo%22%29+AFFILORG%28%22School+of+Sciences+and+Engineering%22%29%29%29++AND+PUBYEAR+%3E+2021+AND+SRCTYPE%28j%29
2023-01-04 01:40:52,811 - elsapy.elsclient - INFO - Sending GET request to https://api.elsevier.com/content/search/scopus?start=475&count=25&query=%28AFFIL%28%22American+University+in+Cairo%22%29+OR+AFFIL%28AFFILCITY%28%22New+Cairo%22%29+AFFILORG%28%22School+of+Sciences+and+Engineering%22%29%29%29++AND+PUBYEAR+%3E+2021+AND+SRCTYPE%28j%29
2023-01-04 01:40:54,160 - elsapy.utils - INFO - Converting prism:coverDate
2023-01-04 01:41:34,297 - elsapy.elsclient - INFO - Module loaded.
2023-01-04 01:41:34,712 - elsapy.elsentity - INFO - Module loaded.
2023-01-04 01:41:34,713 - elsapy.utils - INFO - Module loaded.
2023-01-04 01:41:34,713 - elsapy.elsprofile - INFO - Module loaded.
2023-01-04 01:41:34,714 - elsapy.elsdoc - INFO - Module loaded.
2023-01-04 01:41:34,714 - elsapy.elssearch - INFO - Module loaded.
2023-01-04 01:41:35,311 - elsapy.elsclient - INFO - Sending GET request to https://api.elsevier.com/content/search/scopus?query=AFFIL%28%22American+University+in+Cairo%22%29+AND+PUBYEAR+%3E+2021+AND+SRCTYPE%28j%29
2023-01-04 01:41:37,516 - elsapy.elsclient - INFO - Sending GET request to https://api.elsevier.com/content/search/scopus?start=25&count=25&query=AFFIL%28%22American+University+in+Cairo%22%29+AND+PUBYEAR+%3E+2021+AND+SRCTYPE%28j%29
2023-01-04 01:41:39,644 - elsapy.elsclient - INFO - Sending GET request to https://api.elsevier.com/content/search/scopus?start=50&count=25&query=AFFIL%28%22American+University+in+Cairo%22%29+AND+PUBYEAR+%3E+2021+AND+SRCTYPE%28j%29
2023-01-04 01:41:41,823 - elsapy.elsclient - INFO - Sending GET request to https://api.elsevier.com/content/search/scopus?start=75&count=25&query=AFFIL%28%22American+University+in+Cairo%22%29+AND+PUBYEAR+%3E+2021+AND+SRCTYPE%28j%29
2023-01-04 01:41:44,043 - elsapy.elsclient - INFO - Sending GET request to https://api.elsevier.com/content/search/scopus?start=100&count=25&query=AFFIL%28%22American+University+in+Cairo%22%29+AND+PUBYEAR+%3E+2021+AND+SRCTYPE%28j%29
2023-01-04 01:41:46,320 - elsapy.elsclient - INFO - Sending GET request to https://api.elsevier.com/content/search/scopus?start=125&count=25&query=AFFIL%28%22American+University+in+Cairo%22%29+AND+PUBYEAR+%3E+2021+AND+SRCTYPE%28j%29
2023-01-04 01:41:48,505 - elsapy.elsclient - INFO - Sending GET request to https://api.elsevier.com/content/search/scopus?start=150&count=25&query=AFFIL%28%22American+University+in+Cairo%22%29+AND+PUBYEAR+%3E+2021+AND+SRCTYPE%28j%29
2023-01-04 01:41:51,130 - elsapy.elsclient - INFO - Sending GET request to https://api.elsevier.com/content/search/scopus?start=175&count=25&query=AFFIL%28%22American+University+in+Cairo%22%29+AND+PUBYEAR+%3E+2021+AND+SRCTYPE%28j%29
2023-01-04 01:41:53,439 - elsapy.elsclient - INFO - Sending GET request to https://api.elsevier.com/content/search/scopus?start=200&count=25&query=AFFIL%28%22American+University+in+Cairo%22%29+AND+PUBYEAR+%3E+2021+AND+SRCTYPE%28j%29
2023-01-04 01:41:55,680 - elsapy.elsclient - INFO - Sending GET request to https://api.elsevier.com/content/search/scopus?start=225&count=25&query=AFFIL%28%22American+University+in+Cairo%22%29+AND+PUBYEAR+%3E+2021+AND+SRCTYPE%28j%29
2023-01-04 01:41:57,769 - elsapy.elsclient - INFO - Sending GET request to https://api.elsevier.com/content/search/scopus?start=250&count=25&query=AFFIL%28%22American+University+in+Cairo%22%29+AND+PUBYEAR+%3E+2021+AND+SRCTYPE%28j%29
2023-01-04 01:42:00,038 - elsapy.elsclient - INFO - Sending GET request to https://api.elsevier.com/content/search/scopus?start=275&count=25&query=AFFIL%28%22American+University+in+Cairo%22%29+AND+PUBYEAR+%3E+2021+AND+SRCTYPE%28j%29
2023-01-04 01:42:02,500 - elsapy.elsclient - INFO - Sending GET request to https://api.elsevier.com/content/search/scopus?start=300&count=25&query=AFFIL%28%22American+University+in+Cairo%22%29+AND+PUBYEAR+%3E+2021+AND+SRCTYPE%28j%29
2023-01-04 01:42:05,613 - elsapy.elsclient - INFO - Sending GET request to https://api.elsevier.com/content/search/scopus?start=325&count=25&query=AFFIL%28%22American+University+in+Cairo%22%29+AND+PUBYEAR+%3E+2021+AND+SRCTYPE%28j%29
2023-01-04 01:42:07,693 - elsapy.elsclient - INFO - Sending GET request to https://api.elsevier.com/content/search/scopus?start=350&count=25&query=AFFIL%28%22American+University+in+Cairo%22%29+AND+PUBYEAR+%3E+2021+AND+SRCTYPE%28j%29
2023-01-04 01:42:09,764 - elsapy.elsclient - INFO - Sending GET request to https://api.elsevier.com/content/search/scopus?start=375&count=25&query=AFFIL%28%22American+University+in+Cairo%22%29+AND+PUBYEAR+%3E+2021+AND+SRCTYPE%28j%29
2023-01-04 01:42:11,818 - elsapy.elsclient - INFO - Sending GET request to https://api.elsevier.com/content/search/scopus?start=400&count=25&query=AFFIL%28%22American+University+in+Cairo%22%29+AND+PUBYEAR+%3E+2021+AND+SRCTYPE%28j%29
2023-01-04 01:42:15,518 - elsapy.elsclient - INFO - Sending GET request to https://api.elsevier.com/content/search/scopus?start=425&count=25&query=AFFIL%28%22American+University+in+Cairo%22%29+AND+PUBYEAR+%3E+2021+AND+SRCTYPE%28j%29
2023-01-04 01:42:17,655 - elsapy.elsclient - INFO - Sending GET request to https://api.elsevier.com/content/search/scopus?start=450&count=25&query=AFFIL%28%22American+University+in+Cairo%22%29+AND+PUBYEAR+%3E+2021+AND+SRCTYPE%28j%29
2023-01-04 01:42:19,833 - elsapy.elsclient - INFO - Sending GET request to https://api.elsevier.com/content/search/scopus?start=475&count=25&query=AFFIL%28%22American+University+in+Cairo%22%29+AND+PUBYEAR+%3E+2021+AND+SRCTYPE%28j%29
2023-01-04 01:42:20,874 - elsapy.utils - INFO - Converting prism:coverDate
2023-01-04 01:43:21,413 - elsapy.elsclient - INFO - Module loaded.
2023-01-04 01:43:21,810 - elsapy.elsentity - INFO - Module loaded.
2023-01-04 01:43:21,811 - elsapy.utils - INFO - Module loaded.
2023-01-04 01:43:21,811 - elsapy.elsprofile - INFO - Module loaded.
2023-01-04 01:43:21,812 - elsapy.elsdoc - INFO - Module loaded.
2023-01-04 01:43:21,812 - elsapy.elssearch - INFO - Module loaded.
2023-01-04 01:43:22,420 - elsapy.elsclient - INFO - Sending GET request to https://api.elsevier.com/content/search/scopus?query=AFFIL%28%22American+University+in+Cairo%22%29+AND+PUBYEAR+%3E+2021+AND+DOCTYPE%28ar%29
2023-01-04 01:43:24,621 - elsapy.elsclient - INFO - Sending GET request to https://api.elsevier.com/content/search/scopus?start=25&count=25&query=AFFIL%28%22American+University+in+Cairo%22%29+AND+PUBYEAR+%3E+2021+AND+DOCTYPE%28ar%29
2023-01-04 01:43:26,783 - elsapy.elsclient - INFO - Sending GET request to https://api.elsevier.com/content/search/scopus?start=50&count=25&query=AFFIL%28%22American+University+in+Cairo%22%29+AND+PUBYEAR+%3E+2021+AND+DOCTYPE%28ar%29
2023-01-04 01:43:29,137 - elsapy.elsclient - INFO - Sending GET request to https://api.elsevier.com/content/search/scopus?start=75&count=25&query=AFFIL%28%22American+University+in+Cairo%22%29+AND+PUBYEAR+%3E+2021+AND+DOCTYPE%28ar%29
2023-01-04 01:43:31,387 - elsapy.elsclient - INFO - Sending GET request to https://api.elsevier.com/content/search/scopus?start=100&count=25&query=AFFIL%28%22American+University+in+Cairo%22%29+AND+PUBYEAR+%3E+2021+AND+DOCTYPE%28ar%29
2023-01-04 01:43:33,383 - elsapy.elsclient - INFO - Sending GET request to https://api.elsevier.com/content/search/scopus?start=125&count=25&query=AFFIL%28%22American+University+in+Cairo%22%29+AND+PUBYEAR+%3E+2021+AND+DOCTYPE%28ar%29
2023-01-04 01:43:35,680 - elsapy.elsclient - INFO - Sending GET request to https://api.elsevier.com/content/search/scopus?start=150&count=25&query=AFFIL%28%22American+University+in+Cairo%22%29+AND+PUBYEAR+%3E+2021+AND+DOCTYPE%28ar%29
2023-01-04 01:43:37,937 - elsapy.elsclient - INFO - Sending GET request to https://api.elsevier.com/content/search/scopus?start=175&count=25&query=AFFIL%28%22American+University+in+Cairo%22%29+AND+PUBYEAR+%3E+2021+AND+DOCTYPE%28ar%29
2023-01-04 01:43:40,140 - elsapy.elsclient - INFO - Sending GET request to https://api.elsevier.com/content/search/scopus?start=200&count=25&query=AFFIL%28%22American+University+in+Cairo%22%29+AND+PUBYEAR+%3E+2021+AND+DOCTYPE%28ar%29
2023-01-04 01:43:42,237 - elsapy.elsclient - INFO - Sending GET request to https://api.elsevier.com/content/search/scopus?start=225&count=25&query=AFFIL%28%22American+University+in+Cairo%22%29+AND+PUBYEAR+%3E+2021+AND+DOCTYPE%28ar%29
2023-01-04 01:43:45,712 - elsapy.elsclient - INFO - Sending GET request to https://api.elsevier.com/content/search/scopus?start=250&count=25&query=AFFIL%28%22American+University+in+Cairo%22%29+AND+PUBYEAR+%3E+2021+AND+DOCTYPE%28ar%29
2023-01-04 01:43:47,758 - elsapy.elsclient - INFO - Sending GET request to https://api.elsevier.com/content/search/scopus?start=275&count=25&query=AFFIL%28%22American+University+in+Cairo%22%29+AND+PUBYEAR+%3E+2021+AND+DOCTYPE%28ar%29
2023-01-04 01:43:49,827 - elsapy.elsclient - INFO - Sending GET request to https://api.elsevier.com/content/search/scopus?start=300&count=25&query=AFFIL%28%22American+University+in+Cairo%22%29+AND+PUBYEAR+%3E+2021+AND+DOCTYPE%28ar%29
2023-01-04 01:43:51,930 - elsapy.elsclient - INFO - Sending GET request to https://api.elsevier.com/content/search/scopus?start=325&count=25&query=AFFIL%28%22American+University+in+Cairo%22%29+AND+PUBYEAR+%3E+2021+AND+DOCTYPE%28ar%29
2023-01-04 01:43:53,952 - elsapy.elsclient - INFO - Sending GET request to https://api.elsevier.com/content/search/scopus?start=350&count=25&query=AFFIL%28%22American+University+in+Cairo%22%29+AND+PUBYEAR+%3E+2021+AND+DOCTYPE%28ar%29
2023-01-04 01:43:56,022 - elsapy.elsclient - INFO - Sending GET request to https://api.elsevier.com/content/search/scopus?start=375&count=25&query=AFFIL%28%22American+University+in+Cairo%22%29+AND+PUBYEAR+%3E+2021+AND+DOCTYPE%28ar%29
2023-01-04 01:43:58,110 - elsapy.elsclient - INFO - Sending GET request to https://api.elsevier.com/content/search/scopus?start=400&count=25&query=AFFIL%28%22American+University+in+Cairo%22%29+AND+PUBYEAR+%3E+2021+AND+DOCTYPE%28ar%29
2023-01-04 01:43:59,286 - elsapy.utils - INFO - Converting prism:coverDate
2023-01-04 01:45:34,341 - elsapy.elsclient - INFO - Module loaded.
2023-01-04 01:45:34,719 - elsapy.elsentity - INFO - Module loaded.
2023-01-04 01:45:34,719 - elsapy.utils - INFO - Module loaded.
2023-01-04 01:45:34,720 - elsapy.elsprofile - INFO - Module loaded.
2023-01-04 01:45:34,720 - elsapy.elsdoc - INFO - Module loaded.
2023-01-04 01:45:34,721 - elsapy.elssearch - INFO - Module loaded.
2023-01-04 01:45:35,344 - elsapy.elsclient - INFO - Sending GET request to https://api.elsevier.com/content/search/scopus?query=AFFIL%28%22American+University+in+Cairo%22%29+AND+PUBYEAR+%3E+2021+AND+DOCTYPE%28ar%29
2023-01-04 01:45:37,740 - elsapy.elsclient - INFO - Sending GET request to https://api.elsevier.com/content/search/scopus?start=25&count=25&query=AFFIL%28%22American+University+in+Cairo%22%29+AND+PUBYEAR+%3E+2021+AND+DOCTYPE%28ar%29
2023-01-04 01:45:39,793 - elsapy.elsclient - INFO - Sending GET request to https://api.elsevier.com/content/search/scopus?start=50&count=25&query=AFFIL%28%22American+University+in+Cairo%22%29+AND+PUBYEAR+%3E+2021+AND+DOCTYPE%28ar%29
2023-01-04 01:45:41,903 - elsapy.elsclient - INFO - Sending GET request to https://api.elsevier.com/content/search/scopus?start=75&count=25&query=AFFIL%28%22American+University+in+Cairo%22%29+AND+PUBYEAR+%3E+2021+AND+DOCTYPE%28ar%29
2023-01-04 01:45:44,099 - elsapy.elsclient - INFO - Sending GET request to https://api.elsevier.com/content/search/scopus?start=100&count=25&query=AFFIL%28%22American+University+in+Cairo%22%29+AND+PUBYEAR+%3E+2021+AND+DOCTYPE%28ar%29
2023-01-04 01:45:47,371 - elsapy.elsclient - INFO - Sending GET request to https://api.elsevier.com/content/search/scopus?start=125&count=25&query=AFFIL%28%22American+University+in+Cairo%22%29+AND+PUBYEAR+%3E+2021+AND+DOCTYPE%28ar%29
2023-01-04 01:45:50,142 - elsapy.elsclient - INFO - Sending GET request to https://api.elsevier.com/content/search/scopus?start=150&count=25&query=AFFIL%28%22American+University+in+Cairo%22%29+AND+PUBYEAR+%3E+2021+AND+DOCTYPE%28ar%29
2023-01-04 01:45:53,918 - elsapy.elsclient - INFO - Sending GET request to https://api.elsevier.com/content/search/scopus?start=175&count=25&query=AFFIL%28%22American+University+in+Cairo%22%29+AND+PUBYEAR+%3E+2021+AND+DOCTYPE%28ar%29
2023-01-04 01:45:56,381 - elsapy.elsclient - INFO - Sending GET request to https://api.elsevier.com/content/search/scopus?start=200&count=25&query=AFFIL%28%22American+University+in+Cairo%22%29+AND+PUBYEAR+%3E+2021+AND+DOCTYPE%28ar%29
2023-01-04 01:45:58,547 - elsapy.elsclient - INFO - Sending GET request to https://api.elsevier.com/content/search/scopus?start=225&count=25&query=AFFIL%28%22American+University+in+Cairo%22%29+AND+PUBYEAR+%3E+2021+AND+DOCTYPE%28ar%29
2023-01-04 01:46:00,758 - elsapy.elsclient - INFO - Sending GET request to https://api.elsevier.com/content/search/scopus?start=250&count=25&query=AFFIL%28%22American+University+in+Cairo%22%29+AND+PUBYEAR+%3E+2021+AND+DOCTYPE%28ar%29
2023-01-04 01:46:03,227 - elsapy.elsclient - INFO - Sending GET request to https://api.elsevier.com/content/search/scopus?start=275&count=25&query=AFFIL%28%22American+University+in+Cairo%22%29+AND+PUBYEAR+%3E+2021+AND+DOCTYPE%28ar%29
2023-01-04 01:46:05,585 - elsapy.elsclient - INFO - Sending GET request to https://api.elsevier.com/content/search/scopus?start=300&count=25&query=AFFIL%28%22American+University+in+Cairo%22%29+AND+PUBYEAR+%3E+2021+AND+DOCTYPE%28ar%29
2023-01-04 01:46:07,937 - elsapy.elsclient - INFO - Sending GET request to https://api.elsevier.com/content/search/scopus?start=325&count=25&query=AFFIL%28%22American+University+in+Cairo%22%29+AND+PUBYEAR+%3E+2021+AND+DOCTYPE%28ar%29
2023-01-04 01:46:10,173 - elsapy.elsclient - INFO - Sending GET request to https://api.elsevier.com/content/search/scopus?start=350&count=25&query=AFFIL%28%22American+University+in+Cairo%22%29+AND+PUBYEAR+%3E+2021+AND+DOCTYPE%28ar%29
2023-01-04 01:46:12,348 - elsapy.elsclient - INFO - Sending GET request to https://api.elsevier.com/content/search/scopus?start=375&count=25&query=AFFIL%28%22American+University+in+Cairo%22%29+AND+PUBYEAR+%3E+2021+AND+DOCTYPE%28ar%29
2023-01-04 01:46:14,542 - elsapy.elsclient - INFO - Sending GET request to https://api.elsevier.com/content/search/scopus?start=400&count=25&query=AFFIL%28%22American+University+in+Cairo%22%29+AND+PUBYEAR+%3E+2021+AND+DOCTYPE%28ar%29
2023-01-04 01:46:15,704 - elsapy.utils - INFO - Converting prism:coverDate
2023-01-04 01:48:58,892 - elsapy.elsclient - INFO - Module loaded.
2023-01-04 01:48:59,298 - elsapy.elsentity - INFO - Module loaded.
2023-01-04 01:48:59,299 - elsapy.utils - INFO - Module loaded.
2023-01-04 01:48:59,301 - elsapy.elsprofile - INFO - Module loaded.
2023-01-04 01:48:59,302 - elsapy.elsdoc - INFO - Module loaded.
2023-01-04 01:48:59,303 - elsapy.elssearch - INFO - Module loaded.
2023-01-04 01:50:38,963 - elsapy.elsclient - INFO - Module loaded.
2023-01-04 01:50:39,486 - elsapy.elsentity - INFO - Module loaded.
2023-01-04 01:50:39,487 - elsapy.utils - INFO - Module loaded.
2023-01-04 01:50:39,487 - elsapy.elsprofile - INFO - Module loaded.
2023-01-04 01:50:39,488 - elsapy.elsdoc - INFO - Module loaded.
2023-01-04 01:50:39,490 - elsapy.elssearch - INFO - Module loaded.
2023-01-04 11:42:52,620 - elsapy.elsclient - INFO - Module loaded.
2023-01-04 11:42:53,344 - elsapy.elsentity - INFO - Module loaded.
2023-01-04 11:42:53,345 - elsapy.utils - INFO - Module loaded.
2023-01-04 11:42:53,345 - elsapy.elsprofile - INFO - Module loaded.
2023-01-04 11:42:53,346 - elsapy.elsdoc - INFO - Module loaded.
2023-01-04 11:42:53,347 - elsapy.elssearch - INFO - Module loaded.
2023-01-04 11:43:26,217 - elsapy.elsclient - INFO - Module loaded.
2023-01-04 11:43:26,485 - elsapy.elsentity - INFO - Module loaded.
2023-01-04 11:43:26,485 - elsapy.utils - INFO - Module loaded.
2023-01-04 11:43:26,485 - elsapy.elsprofile - INFO - Module loaded.
2023-01-04 11:43:26,486 - elsapy.elsdoc - INFO - Module loaded.
2023-01-04 11:43:26,486 - elsapy.elssearch - INFO - Module loaded.
2023-01-04 11:43:39,384 - elsapy.elsclient - INFO - Module loaded.
2023-01-04 11:43:39,654 - elsapy.elsentity - INFO - Module loaded.
2023-01-04 11:43:39,654 - elsapy.utils - INFO - Module loaded.
2023-01-04 11:43:39,655 - elsapy.elsprofile - INFO - Module loaded.
2023-01-04 11:43:39,655 - elsapy.elsdoc - INFO - Module loaded.
2023-01-04 11:43:39,655 - elsapy.elssearch - INFO - Module loaded.
2023-01-04 11:49:57,388 - elsapy.elsclient - INFO - Module loaded.
2023-01-04 11:49:57,682 - elsapy.elsentity - INFO - Module loaded.
2023-01-04 11:49:57,682 - elsapy.utils - INFO - Module loaded.
2023-01-04 11:49:57,683 - elsapy.elsprofile - INFO - Module loaded.
2023-01-04 11:49:57,683 - elsapy.elsdoc - INFO - Module loaded.
2023-01-04 11:49:57,683 - elsapy.elssearch - INFO - Module loaded.
2023-01-04 11:50:44,420 - elsapy.elsclient - INFO - Module loaded.
2023-01-04 11:50:44,707 - elsapy.elsentity - INFO - Module loaded.
2023-01-04 11:50:44,708 - elsapy.utils - INFO - Module loaded.
2023-01-04 11:50:44,708 - elsapy.elsprofile - INFO - Module loaded.
2023-01-04 11:50:44,708 - elsapy.elsdoc - INFO - Module loaded.
2023-01-04 11:50:44,709 - elsapy.elssearch - INFO - Module loaded.
2023-01-04 11:52:22,773 - elsapy.elsclient - INFO - Module loaded.
2023-01-04 11:52:23,044 - elsapy.elsentity - INFO - Module loaded.
2023-01-04 11:52:23,044 - elsapy.utils - INFO - Module loaded.
2023-01-04 11:52:23,045 - elsapy.elsprofile - INFO - Module loaded.
2023-01-04 11:52:23,045 - elsapy.elsdoc - INFO - Module loaded.
2023-01-04 11:52:23,046 - elsapy.elssearch - INFO - Module loaded.
2023-01-04 11:54:43,411 - elsapy.elsclient - INFO - Module loaded.
2023-01-04 11:54:43,688 - elsapy.elsentity - INFO - Module loaded.
2023-01-04 11:54:43,688 - elsapy.utils - INFO - Module loaded.
2023-01-04 11:54:43,688 - elsapy.elsprofile - INFO - Module loaded.
2023-01-04 11:54:43,689 - elsapy.elsdoc - INFO - Module loaded.
2023-01-04 11:54:43,691 - elsapy.elssearch - INFO - Module loaded.
2023-01-04 11:56:00,655 - elsapy.elsclient - INFO - Module loaded.
2023-01-04 11:56:01,092 - elsapy.elsentity - INFO - Module loaded.
2023-01-04 11:56:01,093 - elsapy.utils - INFO - Module loaded.
2023-01-04 11:56:01,093 - elsapy.elsprofile - INFO - Module loaded.
2023-01-04 11:56:01,094 - elsapy.elsdoc - INFO - Module loaded.
2023-01-04 11:56:01,094 - elsapy.elssearch - INFO - Module loaded.
2023-01-04 11:56:14,501 - elsapy.elsclient - INFO - Module loaded.
2023-01-04 11:56:14,792 - elsapy.elsentity - INFO - Module loaded.
2023-01-04 11:56:14,793 - elsapy.utils - INFO - Module loaded.
2023-01-04 11:56:14,793 - elsapy.elsprofile - INFO - Module loaded.
2023-01-04 11:56:14,794 - elsapy.elsdoc - INFO - Module loaded.
2023-01-04 11:56:14,794 - elsapy.elssearch - INFO - Module loaded.
2023-01-04 11:56:25,942 - elsapy.elsclient - INFO - Module loaded.
2023-01-04 11:56:26,226 - elsapy.elsentity - INFO - Module loaded.
2023-01-04 11:56:26,227 - elsapy.utils - INFO - Module loaded.
2023-01-04 11:56:26,227 - elsapy.elsprofile - INFO - Module loaded.
2023-01-04 11:56:26,228 - elsapy.elsdoc - INFO - Module loaded.
2023-01-04 11:56:26,228 - elsapy.elssearch - INFO - Module loaded.
2023-01-04 11:57:07,088 - elsapy.elsclient - INFO - Module loaded.
2023-01-04 11:57:07,347 - elsapy.elsentity - INFO - Module loaded.
2023-01-04 11:57:07,347 - elsapy.utils - INFO - Module loaded.
2023-01-04 11:57:07,347 - elsapy.elsprofile - INFO - Module loaded.
2023-01-04 11:57:07,348 - elsapy.elsdoc - INFO - Module loaded.
2023-01-04 11:57:07,349 - elsapy.elssearch - INFO - Module loaded.
2023-01-04 11:57:58,857 - elsapy.elsclient - INFO - Module loaded.
2023-01-04 11:57:59,138 - elsapy.elsentity - INFO - Module loaded.
2023-01-04 11:57:59,138 - elsapy.utils - INFO - Module loaded.
2023-01-04 11:57:59,138 - elsapy.elsprofile - INFO - Module loaded.
2023-01-04 11:57:59,140 - elsapy.elsdoc - INFO - Module loaded.
2023-01-04 11:57:59,140 - elsapy.elssearch - INFO - Module loaded.
2023-01-04 11:59:25,390 - elsapy.elsclient - INFO - Module loaded.
2023-01-04 11:59:25,664 - elsapy.elsentity - INFO - Module loaded.
2023-01-04 11:59:25,665 - elsapy.utils - INFO - Module loaded.
2023-01-04 11:59:25,665 - elsapy.elsprofile - INFO - Module loaded.
2023-01-04 11:59:25,665 - elsapy.elsdoc - INFO - Module loaded.
2023-01-04 11:59:25,666 - elsapy.elssearch - INFO - Module loaded.
2023-01-04 12:00:40,535 - elsapy.elsclient - INFO - Module loaded.
2023-01-04 12:00:40,835 - elsapy.elsentity - INFO - Module loaded.
2023-01-04 12:00:40,835 - elsapy.utils - INFO - Module loaded.
2023-01-04 12:00:40,835 - elsapy.elsprofile - INFO - Module loaded.
2023-01-04 12:00:40,836 - elsapy.elsdoc - INFO - Module loaded.
2023-01-04 12:00:40,836 - elsapy.elssearch - INFO - Module loaded.
2023-01-04 12:07:42,955 - elsapy.elsclient - INFO - Module loaded.
2023-01-04 12:07:43,236 - elsapy.elsentity - INFO - Module loaded.
2023-01-04 12:07:43,236 - elsapy.utils - INFO - Module loaded.
2023-01-04 12:07:43,236 - elsapy.elsprofile - INFO - Module loaded.
2023-01-04 12:07:43,237 - elsapy.elsdoc - INFO - Module loaded.
2023-01-04 12:07:43,237 - elsapy.elssearch - INFO - Module loaded.
2023-01-04 12:07:53,010 - elsapy.elsclient - INFO - Module loaded.
2023-01-04 12:07:53,281 - elsapy.elsentity - INFO - Module loaded.
2023-01-04 12:07:53,282 - elsapy.utils - INFO - Module loaded.
2023-01-04 12:07:53,282 - elsapy.elsprofile - INFO - Module loaded.
2023-01-04 12:07:53,282 - elsapy.elsdoc - INFO - Module loaded.
2023-01-04 12:07:53,283 - elsapy.elssearch - INFO - Module loaded.
2023-01-04 12:15:23,214 - elsapy.elsclient - INFO - Module loaded.
2023-01-04 12:15:23,480 - elsapy.elsentity - INFO - Module loaded.
2023-01-04 12:15:23,481 - elsapy.utils - INFO - Module loaded.
2023-01-04 12:15:23,481 - elsapy.elsprofile - INFO - Module loaded.
2023-01-04 12:15:23,481 - elsapy.elsdoc - INFO - Module loaded.
2023-01-04 12:15:23,482 - elsapy.elssearch - INFO - Module loaded.
2023-01-04 12:16:21,495 - elsapy.elsclient - INFO - Module loaded.
2023-01-04 12:16:21,741 - elsapy.elsentity - INFO - Module loaded.
2023-01-04 12:16:21,741 - elsapy.utils - INFO - Module loaded.
2023-01-04 12:16:21,741 - elsapy.elsprofile - INFO - Module loaded.
2023-01-04 12:16:21,741 - elsapy.elsdoc - INFO - Module loaded.
2023-01-04 12:16:21,742 - elsapy.elssearch - INFO - Module loaded.
2023-01-04 12:16:41,628 - elsapy.elsclient - INFO - Module loaded.
2023-01-04 12:16:41,880 - elsapy.elsentity - INFO - Module loaded.
2023-01-04 12:16:41,880 - elsapy.utils - INFO - Module loaded.
2023-01-04 12:16:41,881 - elsapy.elsprofile - INFO - Module loaded.
2023-01-04 12:16:41,881 - elsapy.elsdoc - INFO - Module loaded.
2023-01-04 12:16:41,882 - elsapy.elssearch - INFO - Module loaded.
2023-01-04 12:18:32,194 - elsapy.elsclient - INFO - Module loaded.
2023-01-04 12:18:32,444 - elsapy.elsentity - INFO - Module loaded.
2023-01-04 12:18:32,444 - elsapy.utils - INFO - Module loaded.
2023-01-04 12:18:32,444 - elsapy.elsprofile - INFO - Module loaded.
2023-01-04 12:18:32,445 - elsapy.elsdoc - INFO - Module loaded.
2023-01-04 12:18:32,445 - elsapy.elssearch - INFO - Module loaded.
2023-01-04 12:20:45,714 - elsapy.elsclient - INFO - Module loaded.
2023-01-04 12:20:45,994 - elsapy.elsentity - INFO - Module loaded.
2023-01-04 12:20:45,994 - elsapy.utils - INFO - Module loaded.
2023-01-04 12:20:45,995 - elsapy.elsprofile - INFO - Module loaded.
2023-01-04 12:20:45,995 - elsapy.elsdoc - INFO - Module loaded.
2023-01-04 12:20:45,995 - elsapy.elssearch - INFO - Module loaded.
2023-01-04 12:21:39,560 - elsapy.elsclient - INFO - Module loaded.
2023-01-04 12:21:39,826 - elsapy.elsentity - INFO - Module loaded.
2023-01-04 12:21:39,827 - elsapy.utils - INFO - Module loaded.
2023-01-04 12:21:39,827 - elsapy.elsprofile - INFO - Module loaded.
2023-01-04 12:21:39,827 - elsapy.elsdoc - INFO - Module loaded.
2023-01-04 12:21:39,828 - elsapy.elssearch - INFO - Module loaded.
2023-01-04 12:21:49,366 - elsapy.elsclient - INFO - Module loaded.
2023-01-04 12:21:49,673 - elsapy.elsentity - INFO - Module loaded.
2023-01-04 12:21:49,674 - elsapy.utils - INFO - Module loaded.
2023-01-04 12:21:49,674 - elsapy.elsprofile - INFO - Module loaded.
2023-01-04 12:21:49,674 - elsapy.elsdoc - INFO - Module loaded.
2023-01-04 12:21:49,675 - elsapy.elssearch - INFO - Module loaded.
2023-01-04 12:22:25,807 - elsapy.elsclient - INFO - Module loaded.
2023-01-04 12:22:26,051 - elsapy.elsentity - INFO - Module loaded.
2023-01-04 12:22:26,051 - elsapy.utils - INFO - Module loaded.
2023-01-04 12:22:26,051 - elsapy.elsprofile - INFO - Module loaded.
2023-01-04 12:22:26,052 - elsapy.elsdoc - INFO - Module loaded.
2023-01-04 12:22:26,052 - elsapy.elssearch - INFO - Module loaded.
2023-01-04 12:25:43,523 - elsapy.elsclient - INFO - Module loaded.
2023-01-04 12:25:43,798 - elsapy.elsentity - INFO - Module loaded.
2023-01-04 12:25:43,799 - elsapy.utils - INFO - Module loaded.
2023-01-04 12:25:43,799 - elsapy.elsprofile - INFO - Module loaded.
2023-01-04 12:25:43,799 - elsapy.elsdoc - INFO - Module loaded.
2023-01-04 12:25:43,800 - elsapy.elssearch - INFO - Module loaded.
2023-01-04 12:26:01,319 - elsapy.elsclient - INFO - Module loaded.
2023-01-04 12:26:01,567 - elsapy.elsentity - INFO - Module loaded.
2023-01-04 12:26:01,568 - elsapy.utils - INFO - Module loaded.
2023-01-04 12:26:01,568 - elsapy.elsprofile - INFO - Module loaded.
2023-01-04 12:26:01,568 - elsapy.elsdoc - INFO - Module loaded.
2023-01-04 12:26:01,569 - elsapy.elssearch - INFO - Module loaded.
2023-01-04 12:27:35,492 - elsapy.elsclient - INFO - Module loaded.
2023-01-04 12:27:35,748 - elsapy.elsentity - INFO - Module loaded.
2023-01-04 12:27:35,748 - elsapy.utils - INFO - Module loaded.
2023-01-04 12:27:35,748 - elsapy.elsprofile - INFO - Module loaded.
2023-01-04 12:27:35,749 - elsapy.elsdoc - INFO - Module loaded.
2023-01-04 12:27:35,749 - elsapy.elssearch - INFO - Module loaded.
2023-01-04 12:28:41,961 - elsapy.elsclient - INFO - Module loaded.
2023-01-04 12:28:42,214 - elsapy.elsentity - INFO - Module loaded.
2023-01-04 12:28:42,214 - elsapy.utils - INFO - Module loaded.
2023-01-04 12:28:42,215 - elsapy.elsprofile - INFO - Module loaded.
2023-01-04 12:28:42,215 - elsapy.elsdoc - INFO - Module loaded.
2023-01-04 12:28:42,216 - elsapy.elssearch - INFO - Module loaded.
2023-01-04 12:29:11,105 - elsapy.elsclient - INFO - Module loaded.
2023-01-04 12:29:11,362 - elsapy.elsentity - INFO - Module loaded.
2023-01-04 12:29:11,363 - elsapy.utils - INFO - Module loaded.
2023-01-04 12:29:11,363 - elsapy.elsprofile - INFO - Module loaded.
2023-01-04 12:29:11,364 - elsapy.elsdoc - INFO - Module loaded.
2023-01-04 12:29:11,364 - elsapy.elssearch - INFO - Module loaded.
2023-01-04 12:31:11,014 - elsapy.elsclient - INFO - Module loaded.
2023-01-04 12:31:11,266 - elsapy.elsentity - INFO - Module loaded.
2023-01-04 12:31:11,266 - elsapy.utils - INFO - Module loaded.
2023-01-04 12:31:11,266 - elsapy.elsprofile - INFO - Module loaded.
2023-01-04 12:31:11,268 - elsapy.elsdoc - INFO - Module loaded.
2023-01-04 12:31:11,268 - elsapy.elssearch - INFO - Module loaded.
2023-01-04 12:32:33,791 - elsapy.elsclient - INFO - Module loaded.
2023-01-04 12:32:34,048 - elsapy.elsentity - INFO - Module loaded.
2023-01-04 12:32:34,048 - elsapy.utils - INFO - Module loaded.
2023-01-04 12:32:34,049 - elsapy.elsprofile - INFO - Module loaded.
2023-01-04 12:32:34,049 - elsapy.elsdoc - INFO - Module loaded.
2023-01-04 12:32:34,050 - elsapy.elssearch - INFO - Module loaded.
2023-01-04 12:34:25,089 - elsapy.elsclient - INFO - Module loaded.
2023-01-04 12:34:25,326 - elsapy.elsentity - INFO - Module loaded.
2023-01-04 12:34:25,326 - elsapy.utils - INFO - Module loaded.
2023-01-04 12:34:25,326 - elsapy.elsprofile - INFO - Module loaded.
2023-01-04 12:34:25,327 - elsapy.elsdoc - INFO - Module loaded.
2023-01-04 12:34:25,327 - elsapy.elssearch - INFO - Module loaded.
2023-01-04 12:35:25,147 - elsapy.elsclient - INFO - Module loaded.
2023-01-04 12:35:25,392 - elsapy.elsentity - INFO - Module loaded.
2023-01-04 12:35:25,392 - elsapy.utils - INFO - Module loaded.
2023-01-04 12:35:25,392 - elsapy.elsprofile - INFO - Module loaded.
2023-01-04 12:35:25,393 - elsapy.elsdoc - INFO - Module loaded.
2023-01-04 12:35:25,393 - elsapy.elssearch - INFO - Module loaded.
2023-01-04 12:37:09,382 - elsapy.elsclient - INFO - Module loaded.
2023-01-04 12:37:09,638 - elsapy.elsentity - INFO - Module loaded.
2023-01-04 12:37:09,638 - elsapy.utils - INFO - Module loaded.
2023-01-04 12:37:09,638 - elsapy.elsprofile - INFO - Module loaded.
2023-01-04 12:37:09,639 - elsapy.elsdoc - INFO - Module loaded.
2023-01-04 12:37:09,639 - elsapy.elssearch - INFO - Module loaded.
2023-01-04 12:38:25,408 - elsapy.elsclient - INFO - Module loaded.
2023-01-04 12:38:25,665 - elsapy.elsentity - INFO - Module loaded.
2023-01-04 12:38:25,665 - elsapy.utils - INFO - Module loaded.
2023-01-04 12:38:25,665 - elsapy.elsprofile - INFO - Module loaded.
2023-01-04 12:38:25,666 - elsapy.elsdoc - INFO - Module loaded.
2023-01-04 12:38:25,666 - elsapy.elssearch - INFO - Module loaded.
2023-01-04 12:41:24,615 - elsapy.elsclient - INFO - Module loaded.
2023-01-04 12:41:24,868 - elsapy.elsentity - INFO - Module loaded.
2023-01-04 12:41:24,869 - elsapy.utils - INFO - Module loaded.
2023-01-04 12:41:24,869 - elsapy.elsprofile - INFO - Module loaded.
2023-01-04 12:41:24,869 - elsapy.elsdoc - INFO - Module loaded.
2023-01-04 12:41:24,870 - elsapy.elssearch - INFO - Module loaded.
2023-01-04 12:41:26,752 - elsapy.elsclient - INFO - Module loaded.
2023-01-04 12:41:27,004 - elsapy.elsentity - INFO - Module loaded.
2023-01-04 12:41:27,005 - elsapy.utils - INFO - Module loaded.
2023-01-04 12:41:27,005 - elsapy.elsprofile - INFO - Module loaded.
2023-01-04 12:41:27,006 - elsapy.elsdoc - INFO - Module loaded.
2023-01-04 12:41:27,006 - elsapy.elssearch - INFO - Module loaded.
2023-01-04 12:42:48,115 - elsapy.elsclient - INFO - Module loaded.
2023-01-04 12:42:48,405 - elsapy.elsentity - INFO - Module loaded.
2023-01-04 12:42:48,405 - elsapy.utils - INFO - Module loaded.
2023-01-04 12:42:48,405 - elsapy.elsprofile - INFO - Module loaded.
2023-01-04 12:42:48,406 - elsapy.elsdoc - INFO - Module loaded.
2023-01-04 12:42:48,406 - elsapy.elssearch - INFO - Module loaded.
2023-01-04 12:45:15,867 - elsapy.elsclient - INFO - Module loaded.
2023-01-04 12:45:16,145 - elsapy.elsentity - INFO - Module loaded.
2023-01-04 12:45:16,145 - elsapy.utils - INFO - Module loaded.
2023-01-04 12:45:16,146 - elsapy.elsprofile - INFO - Module loaded.
2023-01-04 12:45:16,146 - elsapy.elsdoc - INFO - Module loaded.
2023-01-04 12:45:16,146 - elsapy.elssearch - INFO - Module loaded.
2023-01-04 12:45:34,914 - elsapy.elsclient - INFO - Module loaded.
2023-01-04 12:45:35,194 - elsapy.elsentity - INFO - Module loaded.
2023-01-04 12:45:35,195 - elsapy.utils - INFO - Module loaded.
2023-01-04 12:45:35,195 - elsapy.elsprofile - INFO - Module loaded.
2023-01-04 12:45:35,195 - elsapy.elsdoc - INFO - Module loaded.
2023-01-04 12:45:35,196 - elsapy.elssearch - INFO - Module loaded.
2023-01-04 12:46:04,197 - elsapy.elsclient - INFO - Module loaded.
2023-01-04 12:46:04,498 - elsapy.elsentity - INFO - Module loaded.
2023-01-04 12:46:04,499 - elsapy.utils - INFO - Module loaded.
2023-01-04 12:46:04,499 - elsapy.elsprofile - INFO - Module loaded.
2023-01-04 12:46:04,500 - elsapy.elsdoc - INFO - Module loaded.
2023-01-04 12:46:04,500 - elsapy.elssearch - INFO - Module loaded.
2023-01-04 12:47:57,624 - elsapy.elsclient - INFO - Module loaded.
2023-01-04 12:47:57,884 - elsapy.elsentity - INFO - Module loaded.
2023-01-04 12:47:57,885 - elsapy.utils - INFO - Module loaded.
2023-01-04 12:47:57,885 - elsapy.elsprofile - INFO - Module loaded.
2023-01-04 12:47:57,885 - elsapy.elsdoc - INFO - Module loaded.
2023-01-04 12:47:57,886 - elsapy.elssearch - INFO - Module loaded.
2023-01-04 12:48:16,791 - elsapy.elsclient - INFO - Module loaded.
2023-01-04 12:48:17,039 - elsapy.elsentity - INFO - Module loaded.
2023-01-04 12:48:17,039 - elsapy.utils - INFO - Module loaded.
2023-01-04 12:48:17,039 - elsapy.elsprofile - INFO - Module loaded.
2023-01-04 12:48:17,040 - elsapy.elsdoc - INFO - Module loaded.
2023-01-04 12:48:17,040 - elsapy.elssearch - INFO - Module loaded.
2023-01-04 12:49:27,791 - elsapy.elsclient - INFO - Module loaded.
2023-01-04 12:49:28,058 - elsapy.elsentity - INFO - Module loaded.
2023-01-04 12:49:28,059 - elsapy.utils - INFO - Module loaded.
2023-01-04 12:49:28,059 - elsapy.elsprofile - INFO - Module loaded.
2023-01-04 12:49:28,059 - elsapy.elsdoc - INFO - Module loaded.
2023-01-04 12:49:28,060 - elsapy.elssearch - INFO - Module loaded.
2023-01-04 12:53:19,618 - elsapy.elsclient - INFO - Module loaded.
2023-01-04 12:53:19,918 - elsapy.elsentity - INFO - Module loaded.
2023-01-04 12:53:19,918 - elsapy.utils - INFO - Module loaded.
2023-01-04 12:53:19,918 - elsapy.elsprofile - INFO - Module loaded.
2023-01-04 12:53:19,919 - elsapy.elsdoc - INFO - Module loaded.
2023-01-04 12:53:19,919 - elsapy.elssearch - INFO - Module loaded.
2023-01-04 12:54:03,004 - elsapy.elsclient - INFO - Module loaded.
2023-01-04 12:54:03,289 - elsapy.elsentity - INFO - Module loaded.
2023-01-04 12:54:03,289 - elsapy.utils - INFO - Module loaded.
2023-01-04 12:54:03,289 - elsapy.elsprofile - INFO - Module loaded.
2023-01-04 12:54:03,290 - elsapy.elsdoc - INFO - Module loaded.
2023-01-04 12:54:03,290 - elsapy.elssearch - INFO - Module loaded.
2023-01-04 12:56:01,063 - elsapy.elsclient - INFO - Module loaded.
2023-01-04 12:56:01,327 - elsapy.elsentity - INFO - Module loaded.
2023-01-04 12:56:01,328 - elsapy.utils - INFO - Module loaded.
2023-01-04 12:56:01,328 - elsapy.elsprofile - INFO - Module loaded.
2023-01-04 12:56:01,328 - elsapy.elsdoc - INFO - Module loaded.
2023-01-04 12:56:01,329 - elsapy.elssearch - INFO - Module loaded.
2023-01-04 12:59:00,093 - elsapy.elsclient - INFO - Module loaded.
2023-01-04 12:59:00,346 - elsapy.elsentity - INFO - Module loaded.
2023-01-04 12:59:00,346 - elsapy.utils - INFO - Module loaded.
2023-01-04 12:59:00,346 - elsapy.elsprofile - INFO - Module loaded.
2023-01-04 12:59:00,347 - elsapy.elsdoc - INFO - Module loaded.
2023-01-04 12:59:00,348 - elsapy.elssearch - INFO - Module loaded.
2023-01-04 12:59:09,775 - elsapy.elsclient - INFO - Module loaded.
2023-01-04 12:59:10,019 - elsapy.elsentity - INFO - Module loaded.
2023-01-04 12:59:10,019 - elsapy.utils - INFO - Module loaded.
2023-01-04 12:59:10,020 - elsapy.elsprofile - INFO - Module loaded.
2023-01-04 12:59:10,020 - elsapy.elsdoc - INFO - Module loaded.
2023-01-04 12:59:10,021 - elsapy.elssearch - INFO - Module loaded.
2023-01-04 12:59:22,769 - elsapy.elsclient - INFO - Module loaded.
2023-01-04 12:59:23,018 - elsapy.elsentity - INFO - Module loaded.
2023-01-04 12:59:23,018 - elsapy.utils - INFO - Module loaded.
2023-01-04 12:59:23,018 - elsapy.elsprofile - INFO - Module loaded.
2023-01-04 12:59:23,019 - elsapy.elsdoc - INFO - Module loaded.
2023-01-04 12:59:23,019 - elsapy.elssearch - INFO - Module loaded.
2023-01-04 12:59:32,536 - elsapy.elsclient - INFO - Module loaded.
2023-01-04 12:59:32,791 - elsapy.elsentity - INFO - Module loaded.
2023-01-04 12:59:32,792 - elsapy.utils - INFO - Module loaded.
2023-01-04 12:59:32,792 - elsapy.elsprofile - INFO - Module loaded.
2023-01-04 12:59:32,792 - elsapy.elsdoc - INFO - Module loaded.
2023-01-04 12:59:32,793 - elsapy.elssearch - INFO - Module loaded.
2023-01-04 12:59:51,897 - elsapy.elsclient - INFO - Module loaded.
2023-01-04 12:59:52,168 - elsapy.elsentity - INFO - Module loaded.
2023-01-04 12:59:52,169 - elsapy.utils - INFO - Module loaded.
2023-01-04 12:59:52,169 - elsapy.elsprofile - INFO - Module loaded.
2023-01-04 12:59:52,169 - elsapy.elsdoc - INFO - Module loaded.
2023-01-04 12:59:52,170 - elsapy.elssearch - INFO - Module loaded.
2023-01-04 13:00:02,733 - elsapy.elsclient - INFO - Module loaded.
2023-01-04 13:00:03,016 - elsapy.elsentity - INFO - Module loaded.
2023-01-04 13:00:03,016 - elsapy.utils - INFO - Module loaded.
2023-01-04 13:00:03,017 - elsapy.elsprofile - INFO - Module loaded.
2023-01-04 13:00:03,017 - elsapy.elsdoc - INFO - Module loaded.
2023-01-04 13:00:03,018 - elsapy.elssearch - INFO - Module loaded.
2023-01-04 13:00:12,383 - elsapy.elsclient - INFO - Module loaded.
2023-01-04 13:00:12,636 - elsapy.elsentity - INFO - Module loaded.
2023-01-04 13:00:12,636 - elsapy.utils - INFO - Module loaded.
2023-01-04 13:00:12,636 - elsapy.elsprofile - INFO - Module loaded.
2023-01-04 13:00:12,637 - elsapy.elsdoc - INFO - Module loaded.
2023-01-04 13:00:12,637 - elsapy.elssearch - INFO - Module loaded.
2023-01-04 13:01:51,343 - elsapy.elsclient - INFO - Module loaded.
2023-01-04 13:01:51,593 - elsapy.elsentity - INFO - Module loaded.
2023-01-04 13:01:51,593 - elsapy.utils - INFO - Module loaded.
2023-01-04 13:01:51,593 - elsapy.elsprofile - INFO - Module loaded.
2023-01-04 13:01:51,594 - elsapy.elsdoc - INFO - Module loaded.
2023-01-04 13:01:51,594 - elsapy.elssearch - INFO - Module loaded.
2023-01-04 13:02:52,279 - elsapy.elsclient - INFO - Module loaded.
2023-01-04 13:02:52,525 - elsapy.elsentity - INFO - Module loaded.
2023-01-04 13:02:52,525 - elsapy.utils - INFO - Module loaded.
2023-01-04 13:02:52,525 - elsapy.elsprofile - INFO - Module loaded.
2023-01-04 13:02:52,526 - elsapy.elsdoc - INFO - Module loaded.
2023-01-04 13:02:52,526 - elsapy.elssearch - INFO - Module loaded.
2023-01-04 13:08:56,796 - elsapy.elsclient - INFO - Module loaded.
2023-01-04 13:09:00,081 - elsapy.elsentity - INFO - Module loaded.
2023-01-04 13:09:00,085 - elsapy.utils - INFO - Module loaded.
2023-01-04 13:09:00,085 - elsapy.elsprofile - INFO - Module loaded.
2023-01-04 13:09:00,091 - elsapy.elsdoc - INFO - Module loaded.
2023-01-04 13:09:00,096 - elsapy.elssearch - INFO - Module loaded.
2023-01-04 13:50:18,155 - elsapy.elsclient - INFO - Module loaded.
2023-01-04 13:50:21,434 - elsapy.elsentity - INFO - Module loaded.
2023-01-04 13:50:21,442 - elsapy.utils - INFO - Module loaded.
2023-01-04 13:50:21,442 - elsapy.elsprofile - INFO - Module loaded.
2023-01-04 13:50:21,452 - elsapy.elsdoc - INFO - Module loaded.
2023-01-04 13:50:21,464 - elsapy.elssearch - INFO - Module loaded.
2023-01-04 13:52:50,573 - elsapy.elsclient - INFO - Module loaded.
2023-01-04 13:52:50,836 - elsapy.elsentity - INFO - Module loaded.
2023-01-04 13:52:50,836 - elsapy.utils - INFO - Module loaded.
2023-01-04 13:52:50,836 - elsapy.elsprofile - INFO - Module loaded.
2023-01-04 13:52:50,837 - elsapy.elsdoc - INFO - Module loaded.
2023-01-04 13:52:50,837 - elsapy.elssearch - INFO - Module loaded.
2023-01-04 13:55:05,249 - elsapy.elsclient - INFO - Module loaded.
2023-01-04 13:55:05,509 - elsapy.elsentity - INFO - Module loaded.
2023-01-04 13:55:05,509 - elsapy.utils - INFO - Module loaded.
2023-01-04 13:55:05,509 - elsapy.elsprofile - INFO - Module loaded.
2023-01-04 13:55:05,510 - elsapy.elsdoc - INFO - Module loaded.
2023-01-04 13:55:05,510 - elsapy.elssearch - INFO - Module loaded.
2023-01-04 13:56:10,289 - elsapy.elsclient - INFO - Module loaded.
2023-01-04 13:56:10,557 - elsapy.elsentity - INFO - Module loaded.
2023-01-04 13:56:10,558 - elsapy.utils - INFO - Module loaded.
2023-01-04 13:56:10,558 - elsapy.elsprofile - INFO - Module loaded.
2023-01-04 13:56:10,558 - elsapy.elsdoc - INFO - Module loaded.
2023-01-04 13:56:10,559 - elsapy.elssearch - INFO - Module loaded.
2023-01-04 13:56:48,269 - elsapy.elsclient - INFO - Module loaded.
2023-01-04 13:56:48,535 - elsapy.elsentity - INFO - Module loaded.
2023-01-04 13:56:48,536 - elsapy.utils - INFO - Module loaded.
2023-01-04 13:56:48,536 - elsapy.elsprofile - INFO - Module loaded.
2023-01-04 13:56:48,536 - elsapy.elsdoc - INFO - Module loaded.
2023-01-04 13:56:48,537 - elsapy.elssearch - INFO - Module loaded.
2023-01-04 13:58:46,827 - elsapy.elsclient - INFO - Module loaded.
2023-01-04 13:58:46,827 - elsapy.elsentity - INFO - Module loaded.
2023-01-04 13:58:46,828 - elsapy.utils - INFO - Module loaded.
2023-01-04 13:58:46,828 - elsapy.elsprofile - INFO - Module loaded.
2023-01-04 13:58:46,828 - elsapy.elsdoc - INFO - Module loaded.
2023-01-04 13:58:46,829 - elsapy.elssearch - INFO - Module loaded.
2023-01-04 13:59:02,523 - elsapy.elsclient - INFO - Module loaded.
2023-01-04 13:59:02,523 - elsapy.elsentity - INFO - Module loaded.
2023-01-04 13:59:02,524 - elsapy.utils - INFO - Module loaded.
2023-01-04 13:59:02,524 - elsapy.elsprofile - INFO - Module loaded.
2023-01-04 13:59:02,524 - elsapy.elsdoc - INFO - Module loaded.
2023-01-04 13:59:02,525 - elsapy.elssearch - INFO - Module loaded.
2023-01-04 14:01:22,695 - elsapy.elsclient - INFO - Module loaded.
2023-01-04 14:01:22,696 - elsapy.elsentity - INFO - Module loaded.
2023-01-04 14:01:22,697 - elsapy.utils - INFO - Module loaded.
2023-01-04 14:01:22,697 - elsapy.elsprofile - INFO - Module loaded.
2023-01-04 14:01:22,697 - elsapy.elsdoc - INFO - Module loaded.
2023-01-04 14:01:22,698 - elsapy.elssearch - INFO - Module loaded.
2023-01-04 14:02:14,878 - elsapy.elsclient - INFO - Module loaded.
2023-01-04 14:02:14,879 - elsapy.elsentity - INFO - Module loaded.
2023-01-04 14:02:14,879 - elsapy.utils - INFO - Module loaded.
2023-01-04 14:02:14,879 - elsapy.elsprofile - INFO - Module loaded.
2023-01-04 14:02:14,880 - elsapy.elsdoc - INFO - Module loaded.
2023-01-04 14:02:14,880 - elsapy.elssearch - INFO - Module loaded.
2023-01-04 14:13:10,201 - elsapy.elsclient - INFO - Module loaded.
2023-01-04 14:13:10,202 - elsapy.elsentity - INFO - Module loaded.
2023-01-04 14:13:10,203 - elsapy.utils - INFO - Module loaded.
2023-01-04 14:13:10,203 - elsapy.elsprofile - INFO - Module loaded.
2023-01-04 14:13:10,203 - elsapy.elsdoc - INFO - Module loaded.
2023-01-04 14:13:10,204 - elsapy.elssearch - INFO - Module loaded.
2023-01-04 14:13:57,937 - elsapy.elsclient - INFO - Module loaded.
2023-01-04 14:13:57,938 - elsapy.elsentity - INFO - Module loaded.
2023-01-04 14:13:57,938 - elsapy.utils - INFO - Module loaded.
2023-01-04 14:13:57,938 - elsapy.elsprofile - INFO - Module loaded.
2023-01-04 14:13:57,939 - elsapy.elsdoc - INFO - Module loaded.
2023-01-04 14:13:57,939 - elsapy.elssearch - INFO - Module loaded.
2023-01-04 14:14:13,414 - elsapy.elsclient - INFO - Module loaded.
2023-01-04 14:14:13,414 - elsapy.elsentity - INFO - Module loaded.
2023-01-04 14:14:13,415 - elsapy.utils - INFO - Module loaded.
2023-01-04 14:14:13,415 - elsapy.elsprofile - INFO - Module loaded.
2023-01-04 14:14:13,416 - elsapy.elsdoc - INFO - Module loaded.
2023-01-04 14:14:13,416 - elsapy.elssearch - INFO - Module loaded.
2023-01-04 14:14:35,151 - elsapy.elsclient - INFO - Module loaded.
2023-01-04 14:14:35,152 - elsapy.elsentity - INFO - Module loaded.
2023-01-04 14:14:35,153 - elsapy.utils - INFO - Module loaded.
2023-01-04 14:14:35,153 - elsapy.elsprofile - INFO - Module loaded.
2023-01-04 14:14:35,153 - elsapy.elsdoc - INFO - Module loaded.
2023-01-04 14:14:35,154 - elsapy.elssearch - INFO - Module loaded.
2023-01-04 14:15:06,436 - elsapy.elsclient - INFO - Module loaded.
2023-01-04 14:15:06,437 - elsapy.elsentity - INFO - Module loaded.
2023-01-04 14:15:06,438 - elsapy.utils - INFO - Module loaded.
2023-01-04 14:15:06,438 - elsapy.elsprofile - INFO - Module loaded.
2023-01-04 14:15:06,438 - elsapy.elsdoc - INFO - Module loaded.
2023-01-04 14:15:06,438 - elsapy.elssearch - INFO - Module loaded.
2023-01-04 14:15:53,696 - elsapy.elsclient - INFO - Module loaded.
2023-01-04 14:15:53,696 - elsapy.elsentity - INFO - Module loaded.
2023-01-04 14:15:53,697 - elsapy.utils - INFO - Module loaded.
2023-01-04 14:15:53,697 - elsapy.elsprofile - INFO - Module loaded.
2023-01-04 14:15:53,698 - elsapy.elsdoc - INFO - Module loaded.
2023-01-04 14:15:53,698 - elsapy.elssearch - INFO - Module loaded.
2023-01-04 14:19:41,496 - elsapy.elsclient - INFO - Module loaded.
2023-01-04 14:19:41,496 - elsapy.elsentity - INFO - Module loaded.
2023-01-04 14:19:41,497 - elsapy.utils - INFO - Module loaded.
2023-01-04 14:19:41,497 - elsapy.elsprofile - INFO - Module loaded.
2023-01-04 14:19:41,497 - elsapy.elsdoc - INFO - Module loaded.
2023-01-04 14:19:41,498 - elsapy.elssearch - INFO - Module loaded.
2023-01-04 14:20:03,657 - elsapy.elsclient - INFO - Module loaded.
2023-01-04 14:20:03,658 - elsapy.elsentity - INFO - Module loaded.
2023-01-04 14:20:03,658 - elsapy.utils - INFO - Module loaded.
2023-01-04 14:20:03,658 - elsapy.elsprofile - INFO - Module loaded.
2023-01-04 14:20:03,659 - elsapy.elsdoc - INFO - Module loaded.
2023-01-04 14:20:03,659 - elsapy.elssearch - INFO - Module loaded.
2023-01-04 14:20:55,129 - elsapy.elsclient - INFO - Module loaded.
2023-01-04 14:20:55,130 - elsapy.elsentity - INFO - Module loaded.
2023-01-04 14:20:55,130 - elsapy.utils - INFO - Module loaded.
2023-01-04 14:20:55,131 - elsapy.elsprofile - INFO - Module loaded.
2023-01-04 14:20:55,131 - elsapy.elsdoc - INFO - Module loaded.
2023-01-04 14:20:55,131 - elsapy.elssearch - INFO - Module loaded.
2023-01-04 14:45:35,244 - elsapy.elsclient - INFO - Module loaded.
2023-01-04 14:45:35,244 - elsapy.elsentity - INFO - Module loaded.
2023-01-04 14:45:35,245 - elsapy.utils - INFO - Module loaded.
2023-01-04 14:45:35,245 - elsapy.elsprofile - INFO - Module loaded.
2023-01-04 14:45:35,246 - elsapy.elsdoc - INFO - Module loaded.
2023-01-04 14:45:35,246 - elsapy.elssearch - INFO - Module loaded.
2023-01-04 14:51:46,190 - elsapy.elsclient - INFO - Module loaded.
2023-01-04 14:51:46,191 - elsapy.elsentity - INFO - Module loaded.
2023-01-04 14:51:46,191 - elsapy.utils - INFO - Module loaded.
2023-01-04 14:51:46,192 - elsapy.elsprofile - INFO - Module loaded.
2023-01-04 14:51:46,192 - elsapy.elsdoc - INFO - Module loaded.
2023-01-04 14:51:46,192 - elsapy.elssearch - INFO - Module loaded.
2023-01-04 15:07:47,702 - elsapy.elsclient - INFO - Module loaded.
2023-01-04 15:07:47,703 - elsapy.elsentity - INFO - Module loaded.
2023-01-04 15:07:47,704 - elsapy.utils - INFO - Module loaded.
2023-01-04 15:07:47,704 - elsapy.elsprofile - INFO - Module loaded.
2023-01-04 15:07:47,704 - elsapy.elsdoc - INFO - Module loaded.
2023-01-04 15:07:47,705 - elsapy.elssearch - INFO - Module loaded.
